<?xml version="1.0" encoding="UTF-8"?>
<robot generator="Robot 5.0.1 (Python 3.8.2 on win32)" generated="20230110 16:24:06.387" rpa="false" schemaversion="3">
<suite id="s1" name="Valid User Test" source="C:\Users\amanda.martins\OneDrive - COMPASSO TECNOLOGIA LTDA\Área de Trabalho\RoboTron_Amanda_Bressam_ProjetoFinal\serverest_api\tests\user\valid_user_test.robot">
<kw name="Open Session" library="base" type="SETUP">
<kw name="Create Session" library="RequestsLibrary">
<arg>serverest</arg>
<arg>${BASE_URL}</arg>
<doc>Create Session: create a HTTP session to a server</doc>
<msg timestamp="20230110 16:24:07.093" level="INFO">Creating Session using : alias=serverest, url=http://localhost:3000/, headers={},                     cookies={}, auth=None, timeout=None, proxies=None, verify=False,                     debug=0 </msg>
<status status="PASS" starttime="20230110 16:24:07.093" endtime="20230110 16:24:07.093"/>
</kw>
<status status="PASS" starttime="20230110 16:24:07.092" endtime="20230110 16:24:07.093"/>
</kw>
<test id="s1-t1" name="Test Case 3: GET Only Clients Users" line="20">
<kw name="Create User Data" library="python_library">
<var>${new_users}</var>
<arg>${100}</arg>
<msg timestamp="20230110 16:24:07.152" level="INFO">{0: {'nome': 'Adrian Perry', 'email': 'brian90@example.com', 'password': 'xzrGxXgp)4', 'administrador': 'true'}}
{0: {'nome': 'Adrian Perry', 'email': 'brian90@example.com', 'password': 'xzrGxXgp)4', 'administrador': 'true'}, 1: {'nome': 'Deborah Young', 'email': 'kcarroll@example.com', 'password': 'h7(7KuPR@L', 'administrador': 'true'}}
{0: {'nome': 'Adrian Perry', 'email': 'brian90@example.com', 'password': 'xzrGxXgp)4', 'administrador': 'true'}, 1: {'nome': 'Deborah Young', 'email': 'kcarroll@example.com', 'password': 'h7(7KuPR@L', 'administrador': 'true'}, 2: {'nome': 'Pamela Evans', 'email': 'xmiller@example.com', 'password': '8$9P9SmHfu', 'administrador': 'false'}}
{0: {'nome': 'Adrian Perry', 'email': 'brian90@example.com', 'password': 'xzrGxXgp)4', 'administrador': 'true'}, 1: {'nome': 'Deborah Young', 'email': 'kcarroll@example.com', 'password': 'h7(7KuPR@L', 'administrador': 'true'}, 2: {'nome': 'Pamela Evans', 'email': 'xmiller@example.com', 'password': '8$9P9SmHfu', 'administrador': 'false'}, 3: {'nome': 'Stephanie Conley', 'email': 'johnathandavis@example.net', 'password': '41VnRtyn__', 'administrador': 'true'}}
{0: {'nome': 'Adrian Perry', 'email': 'brian90@example.com', 'password': 'xzrGxXgp)4', 'administrador': 'true'}, 1: {'nome': 'Deborah Young', 'email': 'kcarroll@example.com', 'password': 'h7(7KuPR@L', 'administrador': 'true'}, 2: {'nome': 'Pamela Evans', 'email': 'xmiller@example.com', 'password': '8$9P9SmHfu', 'administrador': 'false'}, 3: {'nome': 'Stephanie Conley', 'email': 'johnathandavis@example.net', 'password': '41VnRtyn__', 'administrador': 'true'}, 4: {'nome': 'David Reed', 'email': 'ssimon@example.com', 'password': 'eB_H4hGa4U', 'administrador': 'true'}}
{0: {'nome': 'Adrian Perry', 'email': 'brian90@example.com', 'password': 'xzrGxXgp)4', 'administrador': 'true'}, 1: {'nome': 'Deborah Young', 'email': 'kcarroll@example.com', 'password': 'h7(7KuPR@L', 'administrador': 'true'}, 2: {'nome': 'Pamela Evans', 'email': 'xmiller@example.com', 'password': '8$9P9SmHfu', 'administrador': 'false'}, 3: {'nome': 'Stephanie Conley', 'email': 'johnathandavis@example.net', 'password': '41VnRtyn__', 'administrador': 'true'}, 4: {'nome': 'David Reed', 'email': 'ssimon@example.com', 'password': 'eB_H4hGa4U', 'administrador': 'true'}, 5: {'nome': 'Jennifer Davis', 'email': 'candrade@example.org', 'password': '@!@6hNkf9x', 'administrador': 'true'}}
{0: {'nome': 'Adrian Perry', 'email': 'brian90@example.com', 'password': 'xzrGxXgp)4', 'administrador': 'true'}, 1: {'nome': 'Deborah Young', 'email': 'kcarroll@example.com', 'password': 'h7(7KuPR@L', 'administrador': 'true'}, 2: {'nome': 'Pamela Evans', 'email': 'xmiller@example.com', 'password': '8$9P9SmHfu', 'administrador': 'false'}, 3: {'nome': 'Stephanie Conley', 'email': 'johnathandavis@example.net', 'password': '41VnRtyn__', 'administrador': 'true'}, 4: {'nome': 'David Reed', 'email': 'ssimon@example.com', 'password': 'eB_H4hGa4U', 'administrador': 'true'}, 5: {'nome': 'Jennifer Davis', 'email': 'candrade@example.org', 'password': '@!@6hNkf9x', 'administrador': 'true'}, 6: {'nome': 'Shawna Martinez', 'email': 'williamschristopher@example.com', 'password': '$4rFqG!g@J', 'administrador': 'false'}}
{0: {'nome': 'Adrian Perry', 'email': 'brian90@example.com', 'password': 'xzrGxXgp)4', 'administrador': 'true'}, 1: {'nome': 'Deborah Young', 'email': 'kcarroll@example.com', 'password': 'h7(7KuPR@L', 'administrador': 'true'}, 2: {'nome': 'Pamela Evans', 'email': 'xmiller@example.com', 'password': '8$9P9SmHfu', 'administrador': 'false'}, 3: {'nome': 'Stephanie Conley', 'email': 'johnathandavis@example.net', 'password': '41VnRtyn__', 'administrador': 'true'}, 4: {'nome': 'David Reed', 'email': 'ssimon@example.com', 'password': 'eB_H4hGa4U', 'administrador': 'true'}, 5: {'nome': 'Jennifer Davis', 'email': 'candrade@example.org', 'password': '@!@6hNkf9x', 'administrador': 'true'}, 6: {'nome': 'Shawna Martinez', 'email': 'williamschristopher@example.com', 'password': '$4rFqG!g@J', 'administrador': 'false'}, 7: {'nome': 'William Holloway', 'email': 'cheryl75@example.org', 'password': 'lj+3MpqOM_', 'administrador': 'false'}}
{0: {'nome': 'Adrian Perry', 'email': 'brian90@example.com', 'password': 'xzrGxXgp)4', 'administrador': 'true'}, 1: {'nome': 'Deborah Young', 'email': 'kcarroll@example.com', 'password': 'h7(7KuPR@L', 'administrador': 'true'}, 2: {'nome': 'Pamela Evans', 'email': 'xmiller@example.com', 'password': '8$9P9SmHfu', 'administrador': 'false'}, 3: {'nome': 'Stephanie Conley', 'email': 'johnathandavis@example.net', 'password': '41VnRtyn__', 'administrador': 'true'}, 4: {'nome': 'David Reed', 'email': 'ssimon@example.com', 'password': 'eB_H4hGa4U', 'administrador': 'true'}, 5: {'nome': 'Jennifer Davis', 'email': 'candrade@example.org', 'password': '@!@6hNkf9x', 'administrador': 'true'}, 6: {'nome': 'Shawna Martinez', 'email': 'williamschristopher@example.com', 'password': '$4rFqG!g@J', 'administrador': 'false'}, 7: {'nome': 'William Holloway', 'email': 'cheryl75@example.org', 'password': 'lj+3MpqOM_', 'administrador': 'false'}, 8: {'nome': 'Larry Salazar', 'email': 'mjackson@example.net', 'password': 'Xk7wApiDY%', 'administrador': 'true'}}
{0: {'nome': 'Adrian Perry', 'email': 'brian90@example.com', 'password': 'xzrGxXgp)4', 'administrador': 'true'}, 1: {'nome': 'Deborah Young', 'email': 'kcarroll@example.com', 'password': 'h7(7KuPR@L', 'administrador': 'true'}, 2: {'nome': 'Pamela Evans', 'email': 'xmiller@example.com', 'password': '8$9P9SmHfu', 'administrador': 'false'}, 3: {'nome': 'Stephanie Conley', 'email': 'johnathandavis@example.net', 'password': '41VnRtyn__', 'administrador': 'true'}, 4: {'nome': 'David Reed', 'email': 'ssimon@example.com', 'password': 'eB_H4hGa4U', 'administrador': 'true'}, 5: {'nome': 'Jennifer Davis', 'email': 'candrade@example.org', 'password': '@!@6hNkf9x', 'administrador': 'true'}, 6: {'nome': 'Shawna Martinez', 'email': 'williamschristopher@example.com', 'password': '$4rFqG!g@J', 'administrador': 'false'}, 7: {'nome': 'William Holloway', 'email': 'cheryl75@example.org', 'password': 'lj+3MpqOM_', 'administrador': 'false'}, 8: {'nome': 'Larry Salazar', 'email': 'mjackson@example.net', 'password': 'Xk7wApiDY%', 'administrador': 'true'}, 9: {'nome': 'Jane Robinson', 'email': 'daviskaren@example.com', 'password': 'C5d&amp;5I6u$#', 'administrador': 'true'}}
{0: {'nome': 'Adrian Perry', 'email': 'brian90@example.com', 'password': 'xzrGxXgp)4', 'administrador': 'true'}, 1: {'nome': 'Deborah Young', 'email': 'kcarroll@example.com', 'password': 'h7(7KuPR@L', 'administrador': 'true'}, 2: {'nome': 'Pamela Evans', 'email': 'xmiller@example.com', 'password': '8$9P9SmHfu', 'administrador': 'false'}, 3: {'nome': 'Stephanie Conley', 'email': 'johnathandavis@example.net', 'password': '41VnRtyn__', 'administrador': 'true'}, 4: {'nome': 'David Reed', 'email': 'ssimon@example.com', 'password': 'eB_H4hGa4U', 'administrador': 'true'}, 5: {'nome': 'Jennifer Davis', 'email': 'candrade@example.org', 'password': '@!@6hNkf9x', 'administrador': 'true'}, 6: {'nome': 'Shawna Martinez', 'email': 'williamschristopher@example.com', 'password': '$4rFqG!g@J', 'administrador': 'false'}, 7: {'nome': 'William Holloway', 'email': 'cheryl75@example.org', 'password': 'lj+3MpqOM_', 'administrador': 'false'}, 8: {'nome': 'Larry Salazar', 'email': 'mjackson@example.net', 'password': 'Xk7wApiDY%', 'administrador': 'true'}, 9: {'nome': 'Jane Robinson', 'email': 'daviskaren@example.com', 'password': 'C5d&amp;5I6u$#', 'administrador': 'true'}, 10: {'nome': 'Jose Moore', 'email': 'owhite@example.org', 'password': '_yNw5kyY7e', 'administrador': 'false'}}
{0: {'nome': 'Adrian Perry', 'email': 'brian90@example.com', 'password': 'xzrGxXgp)4', 'administrador': 'true'}, 1: {'nome': 'Deborah Young', 'email': 'kcarroll@example.com', 'password': 'h7(7KuPR@L', 'administrador': 'true'}, 2: {'nome': 'Pamela Evans', 'email': 'xmiller@example.com', 'password': '8$9P9SmHfu', 'administrador': 'false'}, 3: {'nome': 'Stephanie Conley', 'email': 'johnathandavis@example.net', 'password': '41VnRtyn__', 'administrador': 'true'}, 4: {'nome': 'David Reed', 'email': 'ssimon@example.com', 'password': 'eB_H4hGa4U', 'administrador': 'true'}, 5: {'nome': 'Jennifer Davis', 'email': 'candrade@example.org', 'password': '@!@6hNkf9x', 'administrador': 'true'}, 6: {'nome': 'Shawna Martinez', 'email': 'williamschristopher@example.com', 'password': '$4rFqG!g@J', 'administrador': 'false'}, 7: {'nome': 'William Holloway', 'email': 'cheryl75@example.org', 'password': 'lj+3MpqOM_', 'administrador': 'false'}, 8: {'nome': 'Larry Salazar', 'email': 'mjackson@example.net', 'password': 'Xk7wApiDY%', 'administrador': 'true'}, 9: {'nome': 'Jane Robinson', 'email': 'daviskaren@example.com', 'password': 'C5d&amp;5I6u$#', 'administrador': 'true'}, 10: {'nome': 'Jose Moore', 'email': 'owhite@example.org', 'password': '_yNw5kyY7e', 'administrador': 'false'}, 11: {'nome': 'Steven Cooper', 'email': 'uolson@example.com', 'password': 'T#+M7QaYv0', 'administrador': 'true'}}
{0: {'nome': 'Adrian Perry', 'email': 'brian90@example.com', 'password': 'xzrGxXgp)4', 'administrador': 'true'}, 1: {'nome': 'Deborah Young', 'email': 'kcarroll@example.com', 'password': 'h7(7KuPR@L', 'administrador': 'true'}, 2: {'nome': 'Pamela Evans', 'email': 'xmiller@example.com', 'password': '8$9P9SmHfu', 'administrador': 'false'}, 3: {'nome': 'Stephanie Conley', 'email': 'johnathandavis@example.net', 'password': '41VnRtyn__', 'administrador': 'true'}, 4: {'nome': 'David Reed', 'email': 'ssimon@example.com', 'password': 'eB_H4hGa4U', 'administrador': 'true'}, 5: {'nome': 'Jennifer Davis', 'email': 'candrade@example.org', 'password': '@!@6hNkf9x', 'administrador': 'true'}, 6: {'nome': 'Shawna Martinez', 'email': 'williamschristopher@example.com', 'password': '$4rFqG!g@J', 'administrador': 'false'}, 7: {'nome': 'William Holloway', 'email': 'cheryl75@example.org', 'password': 'lj+3MpqOM_', 'administrador': 'false'}, 8: {'nome': 'Larry Salazar', 'email': 'mjackson@example.net', 'password': 'Xk7wApiDY%', 'administrador': 'true'}, 9: {'nome': 'Jane Robinson', 'email': 'daviskaren@example.com', 'password': 'C5d&amp;5I6u$#', 'administrador': 'true'}, 10: {'nome': 'Jose Moore', 'email': 'owhite@example.org', 'password': '_yNw5kyY7e', 'administrador': 'false'}, 11: {'nome': 'Steven Cooper', 'email': 'uolson@example.com', 'password': 'T#+M7QaYv0', 'administrador': 'true'}, 12: {'nome': 'Kayla Mathis', 'email': 'vevans@example.org', 'password': 'K&amp;L^1RGJ6i', 'administrador': 'true'}}
{0: {'nome': 'Adrian Perry', 'email': 'brian90@example.com', 'password': 'xzrGxXgp)4', 'administrador': 'true'}, 1: {'nome': 'Deborah Young', 'email': 'kcarroll@example.com', 'password': 'h7(7KuPR@L', 'administrador': 'true'}, 2: {'nome': 'Pamela Evans', 'email': 'xmiller@example.com', 'password': '8$9P9SmHfu', 'administrador': 'false'}, 3: {'nome': 'Stephanie Conley', 'email': 'johnathandavis@example.net', 'password': '41VnRtyn__', 'administrador': 'true'}, 4: {'nome': 'David Reed', 'email': 'ssimon@example.com', 'password': 'eB_H4hGa4U', 'administrador': 'true'}, 5: {'nome': 'Jennifer Davis', 'email': 'candrade@example.org', 'password': '@!@6hNkf9x', 'administrador': 'true'}, 6: {'nome': 'Shawna Martinez', 'email': 'williamschristopher@example.com', 'password': '$4rFqG!g@J', 'administrador': 'false'}, 7: {'nome': 'William Holloway', 'email': 'cheryl75@example.org', 'password': 'lj+3MpqOM_', 'administrador': 'false'}, 8: {'nome': 'Larry Salazar', 'email': 'mjackson@example.net', 'password': 'Xk7wApiDY%', 'administrador': 'true'}, 9: {'nome': 'Jane Robinson', 'email': 'daviskaren@example.com', 'password': 'C5d&amp;5I6u$#', 'administrador': 'true'}, 10: {'nome': 'Jose Moore', 'email': 'owhite@example.org', 'password': '_yNw5kyY7e', 'administrador': 'false'}, 11: {'nome': 'Steven Cooper', 'email': 'uolson@example.com', 'password': 'T#+M7QaYv0', 'administrador': 'true'}, 12: {'nome': 'Kayla Mathis', 'email': 'vevans@example.org', 'password': 'K&amp;L^1RGJ6i', 'administrador': 'true'}, 13: {'nome': 'Matthew Finley', 'email': 'abright@example.net', 'password': '!rL0mQOz@3', 'administrador': 'true'}}
{0: {'nome': 'Adrian Perry', 'email': 'brian90@example.com', 'password': 'xzrGxXgp)4', 'administrador': 'true'}, 1: {'nome': 'Deborah Young', 'email': 'kcarroll@example.com', 'password': 'h7(7KuPR@L', 'administrador': 'true'}, 2: {'nome': 'Pamela Evans', 'email': 'xmiller@example.com', 'password': '8$9P9SmHfu', 'administrador': 'false'}, 3: {'nome': 'Stephanie Conley', 'email': 'johnathandavis@example.net', 'password': '41VnRtyn__', 'administrador': 'true'}, 4: {'nome': 'David Reed', 'email': 'ssimon@example.com', 'password': 'eB_H4hGa4U', 'administrador': 'true'}, 5: {'nome': 'Jennifer Davis', 'email': 'candrade@example.org', 'password': '@!@6hNkf9x', 'administrador': 'true'}, 6: {'nome': 'Shawna Martinez', 'email': 'williamschristopher@example.com', 'password': '$4rFqG!g@J', 'administrador': 'false'}, 7: {'nome': 'William Holloway', 'email': 'cheryl75@example.org', 'password': 'lj+3MpqOM_', 'administrador': 'false'}, 8: {'nome': 'Larry Salazar', 'email': 'mjackson@example.net', 'password': 'Xk7wApiDY%', 'administrador': 'true'}, 9: {'nome': 'Jane Robinson', 'email': 'daviskaren@example.com', 'password': 'C5d&amp;5I6u$#', 'administrador': 'true'}, 10: {'nome': 'Jose Moore', 'email': 'owhite@example.org', 'password': '_yNw5kyY7e', 'administrador': 'false'}, 11: {'nome': 'Steven Cooper', 'email': 'uolson@example.com', 'password': 'T#+M7QaYv0', 'administrador': 'true'}, 12: {'nome': 'Kayla Mathis', 'email': 'vevans@example.org', 'password': 'K&amp;L^1RGJ6i', 'administrador': 'true'}, 13: {'nome': 'Matthew Finley', 'email': 'abright@example.net', 'password': '!rL0mQOz@3', 'administrador': 'true'}, 14: {'nome': 'Dominique Holmes', 'email': 'cday@example.com', 'password': ')5zVS&amp;mx*5', 'administrador': 'false'}}
{0: {'nome': 'Adrian Perry', 'email': 'brian90@example.com', 'password': 'xzrGxXgp)4', 'administrador': 'true'}, 1: {'nome': 'Deborah Young', 'email': 'kcarroll@example.com', 'password': 'h7(7KuPR@L', 'administrador': 'true'}, 2: {'nome': 'Pamela Evans', 'email': 'xmiller@example.com', 'password': '8$9P9SmHfu', 'administrador': 'false'}, 3: {'nome': 'Stephanie Conley', 'email': 'johnathandavis@example.net', 'password': '41VnRtyn__', 'administrador': 'true'}, 4: {'nome': 'David Reed', 'email': 'ssimon@example.com', 'password': 'eB_H4hGa4U', 'administrador': 'true'}, 5: {'nome': 'Jennifer Davis', 'email': 'candrade@example.org', 'password': '@!@6hNkf9x', 'administrador': 'true'}, 6: {'nome': 'Shawna Martinez', 'email': 'williamschristopher@example.com', 'password': '$4rFqG!g@J', 'administrador': 'false'}, 7: {'nome': 'William Holloway', 'email': 'cheryl75@example.org', 'password': 'lj+3MpqOM_', 'administrador': 'false'}, 8: {'nome': 'Larry Salazar', 'email': 'mjackson@example.net', 'password': 'Xk7wApiDY%', 'administrador': 'true'}, 9: {'nome': 'Jane Robinson', 'email': 'daviskaren@example.com', 'password': 'C5d&amp;5I6u$#', 'administrador': 'true'}, 10: {'nome': 'Jose Moore', 'email': 'owhite@example.org', 'password': '_yNw5kyY7e', 'administrador': 'false'}, 11: {'nome': 'Steven Cooper', 'email': 'uolson@example.com', 'password': 'T#+M7QaYv0', 'administrador': 'true'}, 12: {'nome': 'Kayla Mathis', 'email': 'vevans@example.org', 'password': 'K&amp;L^1RGJ6i', 'administrador': 'true'}, 13: {'nome': 'Matthew Finley', 'email': 'abright@example.net', 'password': '!rL0mQOz@3', 'administrador': 'true'}, 14: {'nome': 'Dominique Holmes', 'email': 'cday@example.com', 'password': ')5zVS&amp;mx*5', 'administrador': 'false'}, 15: {'nome': 'Brian Thomas', 'email': 'ashleyjohnson@example.org', 'password': 'w+6BbaQ9RL', 'administrador': 'false'}}
{0: {'nome': 'Adrian Perry', 'email': 'brian90@example.com', 'password': 'xzrGxXgp)4', 'administrador': 'true'}, 1: {'nome': 'Deborah Young', 'email': 'kcarroll@example.com', 'password': 'h7(7KuPR@L', 'administrador': 'true'}, 2: {'nome': 'Pamela Evans', 'email': 'xmiller@example.com', 'password': '8$9P9SmHfu', 'administrador': 'false'}, 3: {'nome': 'Stephanie Conley', 'email': 'johnathandavis@example.net', 'password': '41VnRtyn__', 'administrador': 'true'}, 4: {'nome': 'David Reed', 'email': 'ssimon@example.com', 'password': 'eB_H4hGa4U', 'administrador': 'true'}, 5: {'nome': 'Jennifer Davis', 'email': 'candrade@example.org', 'password': '@!@6hNkf9x', 'administrador': 'true'}, 6: {'nome': 'Shawna Martinez', 'email': 'williamschristopher@example.com', 'password': '$4rFqG!g@J', 'administrador': 'false'}, 7: {'nome': 'William Holloway', 'email': 'cheryl75@example.org', 'password': 'lj+3MpqOM_', 'administrador': 'false'}, 8: {'nome': 'Larry Salazar', 'email': 'mjackson@example.net', 'password': 'Xk7wApiDY%', 'administrador': 'true'}, 9: {'nome': 'Jane Robinson', 'email': 'daviskaren@example.com', 'password': 'C5d&amp;5I6u$#', 'administrador': 'true'}, 10: {'nome': 'Jose Moore', 'email': 'owhite@example.org', 'password': '_yNw5kyY7e', 'administrador': 'false'}, 11: {'nome': 'Steven Cooper', 'email': 'uolson@example.com', 'password': 'T#+M7QaYv0', 'administrador': 'true'}, 12: {'nome': 'Kayla Mathis', 'email': 'vevans@example.org', 'password': 'K&amp;L^1RGJ6i', 'administrador': 'true'}, 13: {'nome': 'Matthew Finley', 'email': 'abright@example.net', 'password': '!rL0mQOz@3', 'administrador': 'true'}, 14: {'nome': 'Dominique Holmes', 'email': 'cday@example.com', 'password': ')5zVS&amp;mx*5', 'administrador': 'false'}, 15: {'nome': 'Brian Thomas', 'email': 'ashleyjohnson@example.org', 'password': 'w+6BbaQ9RL', 'administrador': 'false'}, 16: {'nome': 'Tiffany Kelly', 'email': 'sandra78@example.com', 'password': 'Z0+KKJyT+n', 'administrador': 'false'}}
{0: {'nome': 'Adrian Perry', 'email': 'brian90@example.com', 'password': 'xzrGxXgp)4', 'administrador': 'true'}, 1: {'nome': 'Deborah Young', 'email': 'kcarroll@example.com', 'password': 'h7(7KuPR@L', 'administrador': 'true'}, 2: {'nome': 'Pamela Evans', 'email': 'xmiller@example.com', 'password': '8$9P9SmHfu', 'administrador': 'false'}, 3: {'nome': 'Stephanie Conley', 'email': 'johnathandavis@example.net', 'password': '41VnRtyn__', 'administrador': 'true'}, 4: {'nome': 'David Reed', 'email': 'ssimon@example.com', 'password': 'eB_H4hGa4U', 'administrador': 'true'}, 5: {'nome': 'Jennifer Davis', 'email': 'candrade@example.org', 'password': '@!@6hNkf9x', 'administrador': 'true'}, 6: {'nome': 'Shawna Martinez', 'email': 'williamschristopher@example.com', 'password': '$4rFqG!g@J', 'administrador': 'false'}, 7: {'nome': 'William Holloway', 'email': 'cheryl75@example.org', 'password': 'lj+3MpqOM_', 'administrador': 'false'}, 8: {'nome': 'Larry Salazar', 'email': 'mjackson@example.net', 'password': 'Xk7wApiDY%', 'administrador': 'true'}, 9: {'nome': 'Jane Robinson', 'email': 'daviskaren@example.com', 'password': 'C5d&amp;5I6u$#', 'administrador': 'true'}, 10: {'nome': 'Jose Moore', 'email': 'owhite@example.org', 'password': '_yNw5kyY7e', 'administrador': 'false'}, 11: {'nome': 'Steven Cooper', 'email': 'uolson@example.com', 'password': 'T#+M7QaYv0', 'administrador': 'true'}, 12: {'nome': 'Kayla Mathis', 'email': 'vevans@example.org', 'password': 'K&amp;L^1RGJ6i', 'administrador': 'true'}, 13: {'nome': 'Matthew Finley', 'email': 'abright@example.net', 'password': '!rL0mQOz@3', 'administrador': 'true'}, 14: {'nome': 'Dominique Holmes', 'email': 'cday@example.com', 'password': ')5zVS&amp;mx*5', 'administrador': 'false'}, 15: {'nome': 'Brian Thomas', 'email': 'ashleyjohnson@example.org', 'password': 'w+6BbaQ9RL', 'administrador': 'false'}, 16: {'nome': 'Tiffany Kelly', 'email': 'sandra78@example.com', 'password': 'Z0+KKJyT+n', 'administrador': 'false'}, 17: {'nome': 'Melinda Mann', 'email': 'jennifer56@example.com', 'password': '%EM72DDf0Z', 'administrador': 'false'}}
{0: {'nome': 'Adrian Perry', 'email': 'brian90@example.com', 'password': 'xzrGxXgp)4', 'administrador': 'true'}, 1: {'nome': 'Deborah Young', 'email': 'kcarroll@example.com', 'password': 'h7(7KuPR@L', 'administrador': 'true'}, 2: {'nome': 'Pamela Evans', 'email': 'xmiller@example.com', 'password': '8$9P9SmHfu', 'administrador': 'false'}, 3: {'nome': 'Stephanie Conley', 'email': 'johnathandavis@example.net', 'password': '41VnRtyn__', 'administrador': 'true'}, 4: {'nome': 'David Reed', 'email': 'ssimon@example.com', 'password': 'eB_H4hGa4U', 'administrador': 'true'}, 5: {'nome': 'Jennifer Davis', 'email': 'candrade@example.org', 'password': '@!@6hNkf9x', 'administrador': 'true'}, 6: {'nome': 'Shawna Martinez', 'email': 'williamschristopher@example.com', 'password': '$4rFqG!g@J', 'administrador': 'false'}, 7: {'nome': 'William Holloway', 'email': 'cheryl75@example.org', 'password': 'lj+3MpqOM_', 'administrador': 'false'}, 8: {'nome': 'Larry Salazar', 'email': 'mjackson@example.net', 'password': 'Xk7wApiDY%', 'administrador': 'true'}, 9: {'nome': 'Jane Robinson', 'email': 'daviskaren@example.com', 'password': 'C5d&amp;5I6u$#', 'administrador': 'true'}, 10: {'nome': 'Jose Moore', 'email': 'owhite@example.org', 'password': '_yNw5kyY7e', 'administrador': 'false'}, 11: {'nome': 'Steven Cooper', 'email': 'uolson@example.com', 'password': 'T#+M7QaYv0', 'administrador': 'true'}, 12: {'nome': 'Kayla Mathis', 'email': 'vevans@example.org', 'password': 'K&amp;L^1RGJ6i', 'administrador': 'true'}, 13: {'nome': 'Matthew Finley', 'email': 'abright@example.net', 'password': '!rL0mQOz@3', 'administrador': 'true'}, 14: {'nome': 'Dominique Holmes', 'email': 'cday@example.com', 'password': ')5zVS&amp;mx*5', 'administrador': 'false'}, 15: {'nome': 'Brian Thomas', 'email': 'ashleyjohnson@example.org', 'password': 'w+6BbaQ9RL', 'administrador': 'false'}, 16: {'nome': 'Tiffany Kelly', 'email': 'sandra78@example.com', 'password': 'Z0+KKJyT+n', 'administrador': 'false'}, 17: {'nome': 'Melinda Mann', 'email': 'jennifer56@example.com', 'password': '%EM72DDf0Z', 'administrador': 'false'}, 18: {'nome': 'Caleb Taylor', 'email': 'bryantellen@example.org', 'password': '(YBV$2Aw+g', 'administrador': 'false'}}
{0: {'nome': 'Adrian Perry', 'email': 'brian90@example.com', 'password': 'xzrGxXgp)4', 'administrador': 'true'}, 1: {'nome': 'Deborah Young', 'email': 'kcarroll@example.com', 'password': 'h7(7KuPR@L', 'administrador': 'true'}, 2: {'nome': 'Pamela Evans', 'email': 'xmiller@example.com', 'password': '8$9P9SmHfu', 'administrador': 'false'}, 3: {'nome': 'Stephanie Conley', 'email': 'johnathandavis@example.net', 'password': '41VnRtyn__', 'administrador': 'true'}, 4: {'nome': 'David Reed', 'email': 'ssimon@example.com', 'password': 'eB_H4hGa4U', 'administrador': 'true'}, 5: {'nome': 'Jennifer Davis', 'email': 'candrade@example.org', 'password': '@!@6hNkf9x', 'administrador': 'true'}, 6: {'nome': 'Shawna Martinez', 'email': 'williamschristopher@example.com', 'password': '$4rFqG!g@J', 'administrador': 'false'}, 7: {'nome': 'William Holloway', 'email': 'cheryl75@example.org', 'password': 'lj+3MpqOM_', 'administrador': 'false'}, 8: {'nome': 'Larry Salazar', 'email': 'mjackson@example.net', 'password': 'Xk7wApiDY%', 'administrador': 'true'}, 9: {'nome': 'Jane Robinson', 'email': 'daviskaren@example.com', 'password': 'C5d&amp;5I6u$#', 'administrador': 'true'}, 10: {'nome': 'Jose Moore', 'email': 'owhite@example.org', 'password': '_yNw5kyY7e', 'administrador': 'false'}, 11: {'nome': 'Steven Cooper', 'email': 'uolson@example.com', 'password': 'T#+M7QaYv0', 'administrador': 'true'}, 12: {'nome': 'Kayla Mathis', 'email': 'vevans@example.org', 'password': 'K&amp;L^1RGJ6i', 'administrador': 'true'}, 13: {'nome': 'Matthew Finley', 'email': 'abright@example.net', 'password': '!rL0mQOz@3', 'administrador': 'true'}, 14: {'nome': 'Dominique Holmes', 'email': 'cday@example.com', 'password': ')5zVS&amp;mx*5', 'administrador': 'false'}, 15: {'nome': 'Brian Thomas', 'email': 'ashleyjohnson@example.org', 'password': 'w+6BbaQ9RL', 'administrador': 'false'}, 16: {'nome': 'Tiffany Kelly', 'email': 'sandra78@example.com', 'password': 'Z0+KKJyT+n', 'administrador': 'false'}, 17: {'nome': 'Melinda Mann', 'email': 'jennifer56@example.com', 'password': '%EM72DDf0Z', 'administrador': 'false'}, 18: {'nome': 'Caleb Taylor', 'email': 'bryantellen@example.org', 'password': '(YBV$2Aw+g', 'administrador': 'false'}, 19: {'nome': 'Tammy Robinson', 'email': 'omartin@example.org', 'password': 'blk2Gasz*8', 'administrador': 'false'}}
{0: {'nome': 'Adrian Perry', 'email': 'brian90@example.com', 'password': 'xzrGxXgp)4', 'administrador': 'true'}, 1: {'nome': 'Deborah Young', 'email': 'kcarroll@example.com', 'password': 'h7(7KuPR@L', 'administrador': 'true'}, 2: {'nome': 'Pamela Evans', 'email': 'xmiller@example.com', 'password': '8$9P9SmHfu', 'administrador': 'false'}, 3: {'nome': 'Stephanie Conley', 'email': 'johnathandavis@example.net', 'password': '41VnRtyn__', 'administrador': 'true'}, 4: {'nome': 'David Reed', 'email': 'ssimon@example.com', 'password': 'eB_H4hGa4U', 'administrador': 'true'}, 5: {'nome': 'Jennifer Davis', 'email': 'candrade@example.org', 'password': '@!@6hNkf9x', 'administrador': 'true'}, 6: {'nome': 'Shawna Martinez', 'email': 'williamschristopher@example.com', 'password': '$4rFqG!g@J', 'administrador': 'false'}, 7: {'nome': 'William Holloway', 'email': 'cheryl75@example.org', 'password': 'lj+3MpqOM_', 'administrador': 'false'}, 8: {'nome': 'Larry Salazar', 'email': 'mjackson@example.net', 'password': 'Xk7wApiDY%', 'administrador': 'true'}, 9: {'nome': 'Jane Robinson', 'email': 'daviskaren@example.com', 'password': 'C5d&amp;5I6u$#', 'administrador': 'true'}, 10: {'nome': 'Jose Moore', 'email': 'owhite@example.org', 'password': '_yNw5kyY7e', 'administrador': 'false'}, 11: {'nome': 'Steven Cooper', 'email': 'uolson@example.com', 'password': 'T#+M7QaYv0', 'administrador': 'true'}, 12: {'nome': 'Kayla Mathis', 'email': 'vevans@example.org', 'password': 'K&amp;L^1RGJ6i', 'administrador': 'true'}, 13: {'nome': 'Matthew Finley', 'email': 'abright@example.net', 'password': '!rL0mQOz@3', 'administrador': 'true'}, 14: {'nome': 'Dominique Holmes', 'email': 'cday@example.com', 'password': ')5zVS&amp;mx*5', 'administrador': 'false'}, 15: {'nome': 'Brian Thomas', 'email': 'ashleyjohnson@example.org', 'password': 'w+6BbaQ9RL', 'administrador': 'false'}, 16: {'nome': 'Tiffany Kelly', 'email': 'sandra78@example.com', 'password': 'Z0+KKJyT+n', 'administrador': 'false'}, 17: {'nome': 'Melinda Mann', 'email': 'jennifer56@example.com', 'password': '%EM72DDf0Z', 'administrador': 'false'}, 18: {'nome': 'Caleb Taylor', 'email': 'bryantellen@example.org', 'password': '(YBV$2Aw+g', 'administrador': 'false'}, 19: {'nome': 'Tammy Robinson', 'email': 'omartin@example.org', 'password': 'blk2Gasz*8', 'administrador': 'false'}, 20: {'nome': 'Jimmy Diaz', 'email': 'idavis@example.com', 'password': '3wT7L2_m+z', 'administrador': 'true'}}
{0: {'nome': 'Adrian Perry', 'email': 'brian90@example.com', 'password': 'xzrGxXgp)4', 'administrador': 'true'}, 1: {'nome': 'Deborah Young', 'email': 'kcarroll@example.com', 'password': 'h7(7KuPR@L', 'administrador': 'true'}, 2: {'nome': 'Pamela Evans', 'email': 'xmiller@example.com', 'password': '8$9P9SmHfu', 'administrador': 'false'}, 3: {'nome': 'Stephanie Conley', 'email': 'johnathandavis@example.net', 'password': '41VnRtyn__', 'administrador': 'true'}, 4: {'nome': 'David Reed', 'email': 'ssimon@example.com', 'password': 'eB_H4hGa4U', 'administrador': 'true'}, 5: {'nome': 'Jennifer Davis', 'email': 'candrade@example.org', 'password': '@!@6hNkf9x', 'administrador': 'true'}, 6: {'nome': 'Shawna Martinez', 'email': 'williamschristopher@example.com', 'password': '$4rFqG!g@J', 'administrador': 'false'}, 7: {'nome': 'William Holloway', 'email': 'cheryl75@example.org', 'password': 'lj+3MpqOM_', 'administrador': 'false'}, 8: {'nome': 'Larry Salazar', 'email': 'mjackson@example.net', 'password': 'Xk7wApiDY%', 'administrador': 'true'}, 9: {'nome': 'Jane Robinson', 'email': 'daviskaren@example.com', 'password': 'C5d&amp;5I6u$#', 'administrador': 'true'}, 10: {'nome': 'Jose Moore', 'email': 'owhite@example.org', 'password': '_yNw5kyY7e', 'administrador': 'false'}, 11: {'nome': 'Steven Cooper', 'email': 'uolson@example.com', 'password': 'T#+M7QaYv0', 'administrador': 'true'}, 12: {'nome': 'Kayla Mathis', 'email': 'vevans@example.org', 'password': 'K&amp;L^1RGJ6i', 'administrador': 'true'}, 13: {'nome': 'Matthew Finley', 'email': 'abright@example.net', 'password': '!rL0mQOz@3', 'administrador': 'true'}, 14: {'nome': 'Dominique Holmes', 'email': 'cday@example.com', 'password': ')5zVS&amp;mx*5', 'administrador': 'false'}, 15: {'nome': 'Brian Thomas', 'email': 'ashleyjohnson@example.org', 'password': 'w+6BbaQ9RL', 'administrador': 'false'}, 16: {'nome': 'Tiffany Kelly', 'email': 'sandra78@example.com', 'password': 'Z0+KKJyT+n', 'administrador': 'false'}, 17: {'nome': 'Melinda Mann', 'email': 'jennifer56@example.com', 'password': '%EM72DDf0Z', 'administrador': 'false'}, 18: {'nome': 'Caleb Taylor', 'email': 'bryantellen@example.org', 'password': '(YBV$2Aw+g', 'administrador': 'false'}, 19: {'nome': 'Tammy Robinson', 'email': 'omartin@example.org', 'password': 'blk2Gasz*8', 'administrador': 'false'}, 20: {'nome': 'Jimmy Diaz', 'email': 'idavis@example.com', 'password': '3wT7L2_m+z', 'administrador': 'true'}, 21: {'nome': 'Charles Baker', 'email': 'andrea88@example.org', 'password': 'D4EJ5Es1*I', 'administrador': 'true'}}
{0: {'nome': 'Adrian Perry', 'email': 'brian90@example.com', 'password': 'xzrGxXgp)4', 'administrador': 'true'}, 1: {'nome': 'Deborah Young', 'email': 'kcarroll@example.com', 'password': 'h7(7KuPR@L', 'administrador': 'true'}, 2: {'nome': 'Pamela Evans', 'email': 'xmiller@example.com', 'password': '8$9P9SmHfu', 'administrador': 'false'}, 3: {'nome': 'Stephanie Conley', 'email': 'johnathandavis@example.net', 'password': '41VnRtyn__', 'administrador': 'true'}, 4: {'nome': 'David Reed', 'email': 'ssimon@example.com', 'password': 'eB_H4hGa4U', 'administrador': 'true'}, 5: {'nome': 'Jennifer Davis', 'email': 'candrade@example.org', 'password': '@!@6hNkf9x', 'administrador': 'true'}, 6: {'nome': 'Shawna Martinez', 'email': 'williamschristopher@example.com', 'password': '$4rFqG!g@J', 'administrador': 'false'}, 7: {'nome': 'William Holloway', 'email': 'cheryl75@example.org', 'password': 'lj+3MpqOM_', 'administrador': 'false'}, 8: {'nome': 'Larry Salazar', 'email': 'mjackson@example.net', 'password': 'Xk7wApiDY%', 'administrador': 'true'}, 9: {'nome': 'Jane Robinson', 'email': 'daviskaren@example.com', 'password': 'C5d&amp;5I6u$#', 'administrador': 'true'}, 10: {'nome': 'Jose Moore', 'email': 'owhite@example.org', 'password': '_yNw5kyY7e', 'administrador': 'false'}, 11: {'nome': 'Steven Cooper', 'email': 'uolson@example.com', 'password': 'T#+M7QaYv0', 'administrador': 'true'}, 12: {'nome': 'Kayla Mathis', 'email': 'vevans@example.org', 'password': 'K&amp;L^1RGJ6i', 'administrador': 'true'}, 13: {'nome': 'Matthew Finley', 'email': 'abright@example.net', 'password': '!rL0mQOz@3', 'administrador': 'true'}, 14: {'nome': 'Dominique Holmes', 'email': 'cday@example.com', 'password': ')5zVS&amp;mx*5', 'administrador': 'false'}, 15: {'nome': 'Brian Thomas', 'email': 'ashleyjohnson@example.org', 'password': 'w+6BbaQ9RL', 'administrador': 'false'}, 16: {'nome': 'Tiffany Kelly', 'email': 'sandra78@example.com', 'password': 'Z0+KKJyT+n', 'administrador': 'false'}, 17: {'nome': 'Melinda Mann', 'email': 'jennifer56@example.com', 'password': '%EM72DDf0Z', 'administrador': 'false'}, 18: {'nome': 'Caleb Taylor', 'email': 'bryantellen@example.org', 'password': '(YBV$2Aw+g', 'administrador': 'false'}, 19: {'nome': 'Tammy Robinson', 'email': 'omartin@example.org', 'password': 'blk2Gasz*8', 'administrador': 'false'}, 20: {'nome': 'Jimmy Diaz', 'email': 'idavis@example.com', 'password': '3wT7L2_m+z', 'administrador': 'true'}, 21: {'nome': 'Charles Baker', 'email': 'andrea88@example.org', 'password': 'D4EJ5Es1*I', 'administrador': 'true'}, 22: {'nome': 'Steven Martinez', 'email': 'robertlloyd@example.net', 'password': '5fYJY(Qu^y', 'administrador': 'true'}}
{0: {'nome': 'Adrian Perry', 'email': 'brian90@example.com', 'password': 'xzrGxXgp)4', 'administrador': 'true'}, 1: {'nome': 'Deborah Young', 'email': 'kcarroll@example.com', 'password': 'h7(7KuPR@L', 'administrador': 'true'}, 2: {'nome': 'Pamela Evans', 'email': 'xmiller@example.com', 'password': '8$9P9SmHfu', 'administrador': 'false'}, 3: {'nome': 'Stephanie Conley', 'email': 'johnathandavis@example.net', 'password': '41VnRtyn__', 'administrador': 'true'}, 4: {'nome': 'David Reed', 'email': 'ssimon@example.com', 'password': 'eB_H4hGa4U', 'administrador': 'true'}, 5: {'nome': 'Jennifer Davis', 'email': 'candrade@example.org', 'password': '@!@6hNkf9x', 'administrador': 'true'}, 6: {'nome': 'Shawna Martinez', 'email': 'williamschristopher@example.com', 'password': '$4rFqG!g@J', 'administrador': 'false'}, 7: {'nome': 'William Holloway', 'email': 'cheryl75@example.org', 'password': 'lj+3MpqOM_', 'administrador': 'false'}, 8: {'nome': 'Larry Salazar', 'email': 'mjackson@example.net', 'password': 'Xk7wApiDY%', 'administrador': 'true'}, 9: {'nome': 'Jane Robinson', 'email': 'daviskaren@example.com', 'password': 'C5d&amp;5I6u$#', 'administrador': 'true'}, 10: {'nome': 'Jose Moore', 'email': 'owhite@example.org', 'password': '_yNw5kyY7e', 'administrador': 'false'}, 11: {'nome': 'Steven Cooper', 'email': 'uolson@example.com', 'password': 'T#+M7QaYv0', 'administrador': 'true'}, 12: {'nome': 'Kayla Mathis', 'email': 'vevans@example.org', 'password': 'K&amp;L^1RGJ6i', 'administrador': 'true'}, 13: {'nome': 'Matthew Finley', 'email': 'abright@example.net', 'password': '!rL0mQOz@3', 'administrador': 'true'}, 14: {'nome': 'Dominique Holmes', 'email': 'cday@example.com', 'password': ')5zVS&amp;mx*5', 'administrador': 'false'}, 15: {'nome': 'Brian Thomas', 'email': 'ashleyjohnson@example.org', 'password': 'w+6BbaQ9RL', 'administrador': 'false'}, 16: {'nome': 'Tiffany Kelly', 'email': 'sandra78@example.com', 'password': 'Z0+KKJyT+n', 'administrador': 'false'}, 17: {'nome': 'Melinda Mann', 'email': 'jennifer56@example.com', 'password': '%EM72DDf0Z', 'administrador': 'false'}, 18: {'nome': 'Caleb Taylor', 'email': 'bryantellen@example.org', 'password': '(YBV$2Aw+g', 'administrador': 'false'}, 19: {'nome': 'Tammy Robinson', 'email': 'omartin@example.org', 'password': 'blk2Gasz*8', 'administrador': 'false'}, 20: {'nome': 'Jimmy Diaz', 'email': 'idavis@example.com', 'password': '3wT7L2_m+z', 'administrador': 'true'}, 21: {'nome': 'Charles Baker', 'email': 'andrea88@example.org', 'password': 'D4EJ5Es1*I', 'administrador': 'true'}, 22: {'nome': 'Steven Martinez', 'email': 'robertlloyd@example.net', 'password': '5fYJY(Qu^y', 'administrador': 'true'}, 23: {'nome': 'David Smith', 'email': 'hailey82@example.net', 'password': '6$52OxV$HZ', 'administrador': 'true'}}
{0: {'nome': 'Adrian Perry', 'email': 'brian90@example.com', 'password': 'xzrGxXgp)4', 'administrador': 'true'}, 1: {'nome': 'Deborah Young', 'email': 'kcarroll@example.com', 'password': 'h7(7KuPR@L', 'administrador': 'true'}, 2: {'nome': 'Pamela Evans', 'email': 'xmiller@example.com', 'password': '8$9P9SmHfu', 'administrador': 'false'}, 3: {'nome': 'Stephanie Conley', 'email': 'johnathandavis@example.net', 'password': '41VnRtyn__', 'administrador': 'true'}, 4: {'nome': 'David Reed', 'email': 'ssimon@example.com', 'password': 'eB_H4hGa4U', 'administrador': 'true'}, 5: {'nome': 'Jennifer Davis', 'email': 'candrade@example.org', 'password': '@!@6hNkf9x', 'administrador': 'true'}, 6: {'nome': 'Shawna Martinez', 'email': 'williamschristopher@example.com', 'password': '$4rFqG!g@J', 'administrador': 'false'}, 7: {'nome': 'William Holloway', 'email': 'cheryl75@example.org', 'password': 'lj+3MpqOM_', 'administrador': 'false'}, 8: {'nome': 'Larry Salazar', 'email': 'mjackson@example.net', 'password': 'Xk7wApiDY%', 'administrador': 'true'}, 9: {'nome': 'Jane Robinson', 'email': 'daviskaren@example.com', 'password': 'C5d&amp;5I6u$#', 'administrador': 'true'}, 10: {'nome': 'Jose Moore', 'email': 'owhite@example.org', 'password': '_yNw5kyY7e', 'administrador': 'false'}, 11: {'nome': 'Steven Cooper', 'email': 'uolson@example.com', 'password': 'T#+M7QaYv0', 'administrador': 'true'}, 12: {'nome': 'Kayla Mathis', 'email': 'vevans@example.org', 'password': 'K&amp;L^1RGJ6i', 'administrador': 'true'}, 13: {'nome': 'Matthew Finley', 'email': 'abright@example.net', 'password': '!rL0mQOz@3', 'administrador': 'true'}, 14: {'nome': 'Dominique Holmes', 'email': 'cday@example.com', 'password': ')5zVS&amp;mx*5', 'administrador': 'false'}, 15: {'nome': 'Brian Thomas', 'email': 'ashleyjohnson@example.org', 'password': 'w+6BbaQ9RL', 'administrador': 'false'}, 16: {'nome': 'Tiffany Kelly', 'email': 'sandra78@example.com', 'password': 'Z0+KKJyT+n', 'administrador': 'false'}, 17: {'nome': 'Melinda Mann', 'email': 'jennifer56@example.com', 'password': '%EM72DDf0Z', 'administrador': 'false'}, 18: {'nome': 'Caleb Taylor', 'email': 'bryantellen@example.org', 'password': '(YBV$2Aw+g', 'administrador': 'false'}, 19: {'nome': 'Tammy Robinson', 'email': 'omartin@example.org', 'password': 'blk2Gasz*8', 'administrador': 'false'}, 20: {'nome': 'Jimmy Diaz', 'email': 'idavis@example.com', 'password': '3wT7L2_m+z', 'administrador': 'true'}, 21: {'nome': 'Charles Baker', 'email': 'andrea88@example.org', 'password': 'D4EJ5Es1*I', 'administrador': 'true'}, 22: {'nome': 'Steven Martinez', 'email': 'robertlloyd@example.net', 'password': '5fYJY(Qu^y', 'administrador': 'true'}, 23: {'nome': 'David Smith', 'email': 'hailey82@example.net', 'password': '6$52OxV$HZ', 'administrador': 'true'}, 24: {'nome': 'Rebecca Haney', 'email': 'aleonard@example.net', 'password': '%D(2EDk@wm', 'administrador': 'false'}}
{0: {'nome': 'Adrian Perry', 'email': 'brian90@example.com', 'password': 'xzrGxXgp)4', 'administrador': 'true'}, 1: {'nome': 'Deborah Young', 'email': 'kcarroll@example.com', 'password': 'h7(7KuPR@L', 'administrador': 'true'}, 2: {'nome': 'Pamela Evans', 'email': 'xmiller@example.com', 'password': '8$9P9SmHfu', 'administrador': 'false'}, 3: {'nome': 'Stephanie Conley', 'email': 'johnathandavis@example.net', 'password': '41VnRtyn__', 'administrador': 'true'}, 4: {'nome': 'David Reed', 'email': 'ssimon@example.com', 'password': 'eB_H4hGa4U', 'administrador': 'true'}, 5: {'nome': 'Jennifer Davis', 'email': 'candrade@example.org', 'password': '@!@6hNkf9x', 'administrador': 'true'}, 6: {'nome': 'Shawna Martinez', 'email': 'williamschristopher@example.com', 'password': '$4rFqG!g@J', 'administrador': 'false'}, 7: {'nome': 'William Holloway', 'email': 'cheryl75@example.org', 'password': 'lj+3MpqOM_', 'administrador': 'false'}, 8: {'nome': 'Larry Salazar', 'email': 'mjackson@example.net', 'password': 'Xk7wApiDY%', 'administrador': 'true'}, 9: {'nome': 'Jane Robinson', 'email': 'daviskaren@example.com', 'password': 'C5d&amp;5I6u$#', 'administrador': 'true'}, 10: {'nome': 'Jose Moore', 'email': 'owhite@example.org', 'password': '_yNw5kyY7e', 'administrador': 'false'}, 11: {'nome': 'Steven Cooper', 'email': 'uolson@example.com', 'password': 'T#+M7QaYv0', 'administrador': 'true'}, 12: {'nome': 'Kayla Mathis', 'email': 'vevans@example.org', 'password': 'K&amp;L^1RGJ6i', 'administrador': 'true'}, 13: {'nome': 'Matthew Finley', 'email': 'abright@example.net', 'password': '!rL0mQOz@3', 'administrador': 'true'}, 14: {'nome': 'Dominique Holmes', 'email': 'cday@example.com', 'password': ')5zVS&amp;mx*5', 'administrador': 'false'}, 15: {'nome': 'Brian Thomas', 'email': 'ashleyjohnson@example.org', 'password': 'w+6BbaQ9RL', 'administrador': 'false'}, 16: {'nome': 'Tiffany Kelly', 'email': 'sandra78@example.com', 'password': 'Z0+KKJyT+n', 'administrador': 'false'}, 17: {'nome': 'Melinda Mann', 'email': 'jennifer56@example.com', 'password': '%EM72DDf0Z', 'administrador': 'false'}, 18: {'nome': 'Caleb Taylor', 'email': 'bryantellen@example.org', 'password': '(YBV$2Aw+g', 'administrador': 'false'}, 19: {'nome': 'Tammy Robinson', 'email': 'omartin@example.org', 'password': 'blk2Gasz*8', 'administrador': 'false'}, 20: {'nome': 'Jimmy Diaz', 'email': 'idavis@example.com', 'password': '3wT7L2_m+z', 'administrador': 'true'}, 21: {'nome': 'Charles Baker', 'email': 'andrea88@example.org', 'password': 'D4EJ5Es1*I', 'administrador': 'true'}, 22: {'nome': 'Steven Martinez', 'email': 'robertlloyd@example.net', 'password': '5fYJY(Qu^y', 'administrador': 'true'}, 23: {'nome': 'David Smith', 'email': 'hailey82@example.net', 'password': '6$52OxV$HZ', 'administrador': 'true'}, 24: {'nome': 'Rebecca Haney', 'email': 'aleonard@example.net', 'password': '%D(2EDk@wm', 'administrador': 'false'}, 25: {'nome': 'Susan Clark', 'email': 'gregoryperez@example.net', 'password': '4v3CopIc_u', 'administrador': 'true'}}
{0: {'nome': 'Adrian Perry', 'email': 'brian90@example.com', 'password': 'xzrGxXgp)4', 'administrador': 'true'}, 1: {'nome': 'Deborah Young', 'email': 'kcarroll@example.com', 'password': 'h7(7KuPR@L', 'administrador': 'true'}, 2: {'nome': 'Pamela Evans', 'email': 'xmiller@example.com', 'password': '8$9P9SmHfu', 'administrador': 'false'}, 3: {'nome': 'Stephanie Conley', 'email': 'johnathandavis@example.net', 'password': '41VnRtyn__', 'administrador': 'true'}, 4: {'nome': 'David Reed', 'email': 'ssimon@example.com', 'password': 'eB_H4hGa4U', 'administrador': 'true'}, 5: {'nome': 'Jennifer Davis', 'email': 'candrade@example.org', 'password': '@!@6hNkf9x', 'administrador': 'true'}, 6: {'nome': 'Shawna Martinez', 'email': 'williamschristopher@example.com', 'password': '$4rFqG!g@J', 'administrador': 'false'}, 7: {'nome': 'William Holloway', 'email': 'cheryl75@example.org', 'password': 'lj+3MpqOM_', 'administrador': 'false'}, 8: {'nome': 'Larry Salazar', 'email': 'mjackson@example.net', 'password': 'Xk7wApiDY%', 'administrador': 'true'}, 9: {'nome': 'Jane Robinson', 'email': 'daviskaren@example.com', 'password': 'C5d&amp;5I6u$#', 'administrador': 'true'}, 10: {'nome': 'Jose Moore', 'email': 'owhite@example.org', 'password': '_yNw5kyY7e', 'administrador': 'false'}, 11: {'nome': 'Steven Cooper', 'email': 'uolson@example.com', 'password': 'T#+M7QaYv0', 'administrador': 'true'}, 12: {'nome': 'Kayla Mathis', 'email': 'vevans@example.org', 'password': 'K&amp;L^1RGJ6i', 'administrador': 'true'}, 13: {'nome': 'Matthew Finley', 'email': 'abright@example.net', 'password': '!rL0mQOz@3', 'administrador': 'true'}, 14: {'nome': 'Dominique Holmes', 'email': 'cday@example.com', 'password': ')5zVS&amp;mx*5', 'administrador': 'false'}, 15: {'nome': 'Brian Thomas', 'email': 'ashleyjohnson@example.org', 'password': 'w+6BbaQ9RL', 'administrador': 'false'}, 16: {'nome': 'Tiffany Kelly', 'email': 'sandra78@example.com', 'password': 'Z0+KKJyT+n', 'administrador': 'false'}, 17: {'nome': 'Melinda Mann', 'email': 'jennifer56@example.com', 'password': '%EM72DDf0Z', 'administrador': 'false'}, 18: {'nome': 'Caleb Taylor', 'email': 'bryantellen@example.org', 'password': '(YBV$2Aw+g', 'administrador': 'false'}, 19: {'nome': 'Tammy Robinson', 'email': 'omartin@example.org', 'password': 'blk2Gasz*8', 'administrador': 'false'}, 20: {'nome': 'Jimmy Diaz', 'email': 'idavis@example.com', 'password': '3wT7L2_m+z', 'administrador': 'true'}, 21: {'nome': 'Charles Baker', 'email': 'andrea88@example.org', 'password': 'D4EJ5Es1*I', 'administrador': 'true'}, 22: {'nome': 'Steven Martinez', 'email': 'robertlloyd@example.net', 'password': '5fYJY(Qu^y', 'administrador': 'true'}, 23: {'nome': 'David Smith', 'email': 'hailey82@example.net', 'password': '6$52OxV$HZ', 'administrador': 'true'}, 24: {'nome': 'Rebecca Haney', 'email': 'aleonard@example.net', 'password': '%D(2EDk@wm', 'administrador': 'false'}, 25: {'nome': 'Susan Clark', 'email': 'gregoryperez@example.net', 'password': '4v3CopIc_u', 'administrador': 'true'}, 26: {'nome': 'Michele Ramirez', 'email': 'garciawilliam@example.net', 'password': ')wc_$K&amp;bF5', 'administrador': 'false'}}
{0: {'nome': 'Adrian Perry', 'email': 'brian90@example.com', 'password': 'xzrGxXgp)4', 'administrador': 'true'}, 1: {'nome': 'Deborah Young', 'email': 'kcarroll@example.com', 'password': 'h7(7KuPR@L', 'administrador': 'true'}, 2: {'nome': 'Pamela Evans', 'email': 'xmiller@example.com', 'password': '8$9P9SmHfu', 'administrador': 'false'}, 3: {'nome': 'Stephanie Conley', 'email': 'johnathandavis@example.net', 'password': '41VnRtyn__', 'administrador': 'true'}, 4: {'nome': 'David Reed', 'email': 'ssimon@example.com', 'password': 'eB_H4hGa4U', 'administrador': 'true'}, 5: {'nome': 'Jennifer Davis', 'email': 'candrade@example.org', 'password': '@!@6hNkf9x', 'administrador': 'true'}, 6: {'nome': 'Shawna Martinez', 'email': 'williamschristopher@example.com', 'password': '$4rFqG!g@J', 'administrador': 'false'}, 7: {'nome': 'William Holloway', 'email': 'cheryl75@example.org', 'password': 'lj+3MpqOM_', 'administrador': 'false'}, 8: {'nome': 'Larry Salazar', 'email': 'mjackson@example.net', 'password': 'Xk7wApiDY%', 'administrador': 'true'}, 9: {'nome': 'Jane Robinson', 'email': 'daviskaren@example.com', 'password': 'C5d&amp;5I6u$#', 'administrador': 'true'}, 10: {'nome': 'Jose Moore', 'email': 'owhite@example.org', 'password': '_yNw5kyY7e', 'administrador': 'false'}, 11: {'nome': 'Steven Cooper', 'email': 'uolson@example.com', 'password': 'T#+M7QaYv0', 'administrador': 'true'}, 12: {'nome': 'Kayla Mathis', 'email': 'vevans@example.org', 'password': 'K&amp;L^1RGJ6i', 'administrador': 'true'}, 13: {'nome': 'Matthew Finley', 'email': 'abright@example.net', 'password': '!rL0mQOz@3', 'administrador': 'true'}, 14: {'nome': 'Dominique Holmes', 'email': 'cday@example.com', 'password': ')5zVS&amp;mx*5', 'administrador': 'false'}, 15: {'nome': 'Brian Thomas', 'email': 'ashleyjohnson@example.org', 'password': 'w+6BbaQ9RL', 'administrador': 'false'}, 16: {'nome': 'Tiffany Kelly', 'email': 'sandra78@example.com', 'password': 'Z0+KKJyT+n', 'administrador': 'false'}, 17: {'nome': 'Melinda Mann', 'email': 'jennifer56@example.com', 'password': '%EM72DDf0Z', 'administrador': 'false'}, 18: {'nome': 'Caleb Taylor', 'email': 'bryantellen@example.org', 'password': '(YBV$2Aw+g', 'administrador': 'false'}, 19: {'nome': 'Tammy Robinson', 'email': 'omartin@example.org', 'password': 'blk2Gasz*8', 'administrador': 'false'}, 20: {'nome': 'Jimmy Diaz', 'email': 'idavis@example.com', 'password': '3wT7L2_m+z', 'administrador': 'true'}, 21: {'nome': 'Charles Baker', 'email': 'andrea88@example.org', 'password': 'D4EJ5Es1*I', 'administrador': 'true'}, 22: {'nome': 'Steven Martinez', 'email': 'robertlloyd@example.net', 'password': '5fYJY(Qu^y', 'administrador': 'true'}, 23: {'nome': 'David Smith', 'email': 'hailey82@example.net', 'password': '6$52OxV$HZ', 'administrador': 'true'}, 24: {'nome': 'Rebecca Haney', 'email': 'aleonard@example.net', 'password': '%D(2EDk@wm', 'administrador': 'false'}, 25: {'nome': 'Susan Clark', 'email': 'gregoryperez@example.net', 'password': '4v3CopIc_u', 'administrador': 'true'}, 26: {'nome': 'Michele Ramirez', 'email': 'garciawilliam@example.net', 'password': ')wc_$K&amp;bF5', 'administrador': 'false'}, 27: {'nome': 'Henry Howard', 'email': 'ann92@example.org', 'password': '+#2AHMqJr3', 'administrador': 'false'}}
{0: {'nome': 'Adrian Perry', 'email': 'brian90@example.com', 'password': 'xzrGxXgp)4', 'administrador': 'true'}, 1: {'nome': 'Deborah Young', 'email': 'kcarroll@example.com', 'password': 'h7(7KuPR@L', 'administrador': 'true'}, 2: {'nome': 'Pamela Evans', 'email': 'xmiller@example.com', 'password': '8$9P9SmHfu', 'administrador': 'false'}, 3: {'nome': 'Stephanie Conley', 'email': 'johnathandavis@example.net', 'password': '41VnRtyn__', 'administrador': 'true'}, 4: {'nome': 'David Reed', 'email': 'ssimon@example.com', 'password': 'eB_H4hGa4U', 'administrador': 'true'}, 5: {'nome': 'Jennifer Davis', 'email': 'candrade@example.org', 'password': '@!@6hNkf9x', 'administrador': 'true'}, 6: {'nome': 'Shawna Martinez', 'email': 'williamschristopher@example.com', 'password': '$4rFqG!g@J', 'administrador': 'false'}, 7: {'nome': 'William Holloway', 'email': 'cheryl75@example.org', 'password': 'lj+3MpqOM_', 'administrador': 'false'}, 8: {'nome': 'Larry Salazar', 'email': 'mjackson@example.net', 'password': 'Xk7wApiDY%', 'administrador': 'true'}, 9: {'nome': 'Jane Robinson', 'email': 'daviskaren@example.com', 'password': 'C5d&amp;5I6u$#', 'administrador': 'true'}, 10: {'nome': 'Jose Moore', 'email': 'owhite@example.org', 'password': '_yNw5kyY7e', 'administrador': 'false'}, 11: {'nome': 'Steven Cooper', 'email': 'uolson@example.com', 'password': 'T#+M7QaYv0', 'administrador': 'true'}, 12: {'nome': 'Kayla Mathis', 'email': 'vevans@example.org', 'password': 'K&amp;L^1RGJ6i', 'administrador': 'true'}, 13: {'nome': 'Matthew Finley', 'email': 'abright@example.net', 'password': '!rL0mQOz@3', 'administrador': 'true'}, 14: {'nome': 'Dominique Holmes', 'email': 'cday@example.com', 'password': ')5zVS&amp;mx*5', 'administrador': 'false'}, 15: {'nome': 'Brian Thomas', 'email': 'ashleyjohnson@example.org', 'password': 'w+6BbaQ9RL', 'administrador': 'false'}, 16: {'nome': 'Tiffany Kelly', 'email': 'sandra78@example.com', 'password': 'Z0+KKJyT+n', 'administrador': 'false'}, 17: {'nome': 'Melinda Mann', 'email': 'jennifer56@example.com', 'password': '%EM72DDf0Z', 'administrador': 'false'}, 18: {'nome': 'Caleb Taylor', 'email': 'bryantellen@example.org', 'password': '(YBV$2Aw+g', 'administrador': 'false'}, 19: {'nome': 'Tammy Robinson', 'email': 'omartin@example.org', 'password': 'blk2Gasz*8', 'administrador': 'false'}, 20: {'nome': 'Jimmy Diaz', 'email': 'idavis@example.com', 'password': '3wT7L2_m+z', 'administrador': 'true'}, 21: {'nome': 'Charles Baker', 'email': 'andrea88@example.org', 'password': 'D4EJ5Es1*I', 'administrador': 'true'}, 22: {'nome': 'Steven Martinez', 'email': 'robertlloyd@example.net', 'password': '5fYJY(Qu^y', 'administrador': 'true'}, 23: {'nome': 'David Smith', 'email': 'hailey82@example.net', 'password': '6$52OxV$HZ', 'administrador': 'true'}, 24: {'nome': 'Rebecca Haney', 'email': 'aleonard@example.net', 'password': '%D(2EDk@wm', 'administrador': 'false'}, 25: {'nome': 'Susan Clark', 'email': 'gregoryperez@example.net', 'password': '4v3CopIc_u', 'administrador': 'true'}, 26: {'nome': 'Michele Ramirez', 'email': 'garciawilliam@example.net', 'password': ')wc_$K&amp;bF5', 'administrador': 'false'}, 27: {'nome': 'Henry Howard', 'email': 'ann92@example.org', 'password': '+#2AHMqJr3', 'administrador': 'false'}, 28: {'nome': 'Denise Shannon', 'email': 'cking@example.net', 'password': 'leNoV0E%_2', 'administrador': 'true'}}
{0: {'nome': 'Adrian Perry', 'email': 'brian90@example.com', 'password': 'xzrGxXgp)4', 'administrador': 'true'}, 1: {'nome': 'Deborah Young', 'email': 'kcarroll@example.com', 'password': 'h7(7KuPR@L', 'administrador': 'true'}, 2: {'nome': 'Pamela Evans', 'email': 'xmiller@example.com', 'password': '8$9P9SmHfu', 'administrador': 'false'}, 3: {'nome': 'Stephanie Conley', 'email': 'johnathandavis@example.net', 'password': '41VnRtyn__', 'administrador': 'true'}, 4: {'nome': 'David Reed', 'email': 'ssimon@example.com', 'password': 'eB_H4hGa4U', 'administrador': 'true'}, 5: {'nome': 'Jennifer Davis', 'email': 'candrade@example.org', 'password': '@!@6hNkf9x', 'administrador': 'true'}, 6: {'nome': 'Shawna Martinez', 'email': 'williamschristopher@example.com', 'password': '$4rFqG!g@J', 'administrador': 'false'}, 7: {'nome': 'William Holloway', 'email': 'cheryl75@example.org', 'password': 'lj+3MpqOM_', 'administrador': 'false'}, 8: {'nome': 'Larry Salazar', 'email': 'mjackson@example.net', 'password': 'Xk7wApiDY%', 'administrador': 'true'}, 9: {'nome': 'Jane Robinson', 'email': 'daviskaren@example.com', 'password': 'C5d&amp;5I6u$#', 'administrador': 'true'}, 10: {'nome': 'Jose Moore', 'email': 'owhite@example.org', 'password': '_yNw5kyY7e', 'administrador': 'false'}, 11: {'nome': 'Steven Cooper', 'email': 'uolson@example.com', 'password': 'T#+M7QaYv0', 'administrador': 'true'}, 12: {'nome': 'Kayla Mathis', 'email': 'vevans@example.org', 'password': 'K&amp;L^1RGJ6i', 'administrador': 'true'}, 13: {'nome': 'Matthew Finley', 'email': 'abright@example.net', 'password': '!rL0mQOz@3', 'administrador': 'true'}, 14: {'nome': 'Dominique Holmes', 'email': 'cday@example.com', 'password': ')5zVS&amp;mx*5', 'administrador': 'false'}, 15: {'nome': 'Brian Thomas', 'email': 'ashleyjohnson@example.org', 'password': 'w+6BbaQ9RL', 'administrador': 'false'}, 16: {'nome': 'Tiffany Kelly', 'email': 'sandra78@example.com', 'password': 'Z0+KKJyT+n', 'administrador': 'false'}, 17: {'nome': 'Melinda Mann', 'email': 'jennifer56@example.com', 'password': '%EM72DDf0Z', 'administrador': 'false'}, 18: {'nome': 'Caleb Taylor', 'email': 'bryantellen@example.org', 'password': '(YBV$2Aw+g', 'administrador': 'false'}, 19: {'nome': 'Tammy Robinson', 'email': 'omartin@example.org', 'password': 'blk2Gasz*8', 'administrador': 'false'}, 20: {'nome': 'Jimmy Diaz', 'email': 'idavis@example.com', 'password': '3wT7L2_m+z', 'administrador': 'true'}, 21: {'nome': 'Charles Baker', 'email': 'andrea88@example.org', 'password': 'D4EJ5Es1*I', 'administrador': 'true'}, 22: {'nome': 'Steven Martinez', 'email': 'robertlloyd@example.net', 'password': '5fYJY(Qu^y', 'administrador': 'true'}, 23: {'nome': 'David Smith', 'email': 'hailey82@example.net', 'password': '6$52OxV$HZ', 'administrador': 'true'}, 24: {'nome': 'Rebecca Haney', 'email': 'aleonard@example.net', 'password': '%D(2EDk@wm', 'administrador': 'false'}, 25: {'nome': 'Susan Clark', 'email': 'gregoryperez@example.net', 'password': '4v3CopIc_u', 'administrador': 'true'}, 26: {'nome': 'Michele Ramirez', 'email': 'garciawilliam@example.net', 'password': ')wc_$K&amp;bF5', 'administrador': 'false'}, 27: {'nome': 'Henry Howard', 'email': 'ann92@example.org', 'password': '+#2AHMqJr3', 'administrador': 'false'}, 28: {'nome': 'Denise Shannon', 'email': 'cking@example.net', 'password': 'leNoV0E%_2', 'administrador': 'true'}, 29: {'nome': 'Megan Herrera', 'email': 'kiarasmith@example.net', 'password': '##K4I6C^z3', 'administrador': 'false'}}
{0: {'nome': 'Adrian Perry', 'email': 'brian90@example.com', 'password': 'xzrGxXgp)4', 'administrador': 'true'}, 1: {'nome': 'Deborah Young', 'email': 'kcarroll@example.com', 'password': 'h7(7KuPR@L', 'administrador': 'true'}, 2: {'nome': 'Pamela Evans', 'email': 'xmiller@example.com', 'password': '8$9P9SmHfu', 'administrador': 'false'}, 3: {'nome': 'Stephanie Conley', 'email': 'johnathandavis@example.net', 'password': '41VnRtyn__', 'administrador': 'true'}, 4: {'nome': 'David Reed', 'email': 'ssimon@example.com', 'password': 'eB_H4hGa4U', 'administrador': 'true'}, 5: {'nome': 'Jennifer Davis', 'email': 'candrade@example.org', 'password': '@!@6hNkf9x', 'administrador': 'true'}, 6: {'nome': 'Shawna Martinez', 'email': 'williamschristopher@example.com', 'password': '$4rFqG!g@J', 'administrador': 'false'}, 7: {'nome': 'William Holloway', 'email': 'cheryl75@example.org', 'password': 'lj+3MpqOM_', 'administrador': 'false'}, 8: {'nome': 'Larry Salazar', 'email': 'mjackson@example.net', 'password': 'Xk7wApiDY%', 'administrador': 'true'}, 9: {'nome': 'Jane Robinson', 'email': 'daviskaren@example.com', 'password': 'C5d&amp;5I6u$#', 'administrador': 'true'}, 10: {'nome': 'Jose Moore', 'email': 'owhite@example.org', 'password': '_yNw5kyY7e', 'administrador': 'false'}, 11: {'nome': 'Steven Cooper', 'email': 'uolson@example.com', 'password': 'T#+M7QaYv0', 'administrador': 'true'}, 12: {'nome': 'Kayla Mathis', 'email': 'vevans@example.org', 'password': 'K&amp;L^1RGJ6i', 'administrador': 'true'}, 13: {'nome': 'Matthew Finley', 'email': 'abright@example.net', 'password': '!rL0mQOz@3', 'administrador': 'true'}, 14: {'nome': 'Dominique Holmes', 'email': 'cday@example.com', 'password': ')5zVS&amp;mx*5', 'administrador': 'false'}, 15: {'nome': 'Brian Thomas', 'email': 'ashleyjohnson@example.org', 'password': 'w+6BbaQ9RL', 'administrador': 'false'}, 16: {'nome': 'Tiffany Kelly', 'email': 'sandra78@example.com', 'password': 'Z0+KKJyT+n', 'administrador': 'false'}, 17: {'nome': 'Melinda Mann', 'email': 'jennifer56@example.com', 'password': '%EM72DDf0Z', 'administrador': 'false'}, 18: {'nome': 'Caleb Taylor', 'email': 'bryantellen@example.org', 'password': '(YBV$2Aw+g', 'administrador': 'false'}, 19: {'nome': 'Tammy Robinson', 'email': 'omartin@example.org', 'password': 'blk2Gasz*8', 'administrador': 'false'}, 20: {'nome': 'Jimmy Diaz', 'email': 'idavis@example.com', 'password': '3wT7L2_m+z', 'administrador': 'true'}, 21: {'nome': 'Charles Baker', 'email': 'andrea88@example.org', 'password': 'D4EJ5Es1*I', 'administrador': 'true'}, 22: {'nome': 'Steven Martinez', 'email': 'robertlloyd@example.net', 'password': '5fYJY(Qu^y', 'administrador': 'true'}, 23: {'nome': 'David Smith', 'email': 'hailey82@example.net', 'password': '6$52OxV$HZ', 'administrador': 'true'}, 24: {'nome': 'Rebecca Haney', 'email': 'aleonard@example.net', 'password': '%D(2EDk@wm', 'administrador': 'false'}, 25: {'nome': 'Susan Clark', 'email': 'gregoryperez@example.net', 'password': '4v3CopIc_u', 'administrador': 'true'}, 26: {'nome': 'Michele Ramirez', 'email': 'garciawilliam@example.net', 'password': ')wc_$K&amp;bF5', 'administrador': 'false'}, 27: {'nome': 'Henry Howard', 'email': 'ann92@example.org', 'password': '+#2AHMqJr3', 'administrador': 'false'}, 28: {'nome': 'Denise Shannon', 'email': 'cking@example.net', 'password': 'leNoV0E%_2', 'administrador': 'true'}, 29: {'nome': 'Megan Herrera', 'email': 'kiarasmith@example.net', 'password': '##K4I6C^z3', 'administrador': 'false'}, 30: {'nome': 'Michael Hernandez', 'email': 'pzamora@example.net', 'password': '$!P@Q7c@@7', 'administrador': 'false'}}
{0: {'nome': 'Adrian Perry', 'email': 'brian90@example.com', 'password': 'xzrGxXgp)4', 'administrador': 'true'}, 1: {'nome': 'Deborah Young', 'email': 'kcarroll@example.com', 'password': 'h7(7KuPR@L', 'administrador': 'true'}, 2: {'nome': 'Pamela Evans', 'email': 'xmiller@example.com', 'password': '8$9P9SmHfu', 'administrador': 'false'}, 3: {'nome': 'Stephanie Conley', 'email': 'johnathandavis@example.net', 'password': '41VnRtyn__', 'administrador': 'true'}, 4: {'nome': 'David Reed', 'email': 'ssimon@example.com', 'password': 'eB_H4hGa4U', 'administrador': 'true'}, 5: {'nome': 'Jennifer Davis', 'email': 'candrade@example.org', 'password': '@!@6hNkf9x', 'administrador': 'true'}, 6: {'nome': 'Shawna Martinez', 'email': 'williamschristopher@example.com', 'password': '$4rFqG!g@J', 'administrador': 'false'}, 7: {'nome': 'William Holloway', 'email': 'cheryl75@example.org', 'password': 'lj+3MpqOM_', 'administrador': 'false'}, 8: {'nome': 'Larry Salazar', 'email': 'mjackson@example.net', 'password': 'Xk7wApiDY%', 'administrador': 'true'}, 9: {'nome': 'Jane Robinson', 'email': 'daviskaren@example.com', 'password': 'C5d&amp;5I6u$#', 'administrador': 'true'}, 10: {'nome': 'Jose Moore', 'email': 'owhite@example.org', 'password': '_yNw5kyY7e', 'administrador': 'false'}, 11: {'nome': 'Steven Cooper', 'email': 'uolson@example.com', 'password': 'T#+M7QaYv0', 'administrador': 'true'}, 12: {'nome': 'Kayla Mathis', 'email': 'vevans@example.org', 'password': 'K&amp;L^1RGJ6i', 'administrador': 'true'}, 13: {'nome': 'Matthew Finley', 'email': 'abright@example.net', 'password': '!rL0mQOz@3', 'administrador': 'true'}, 14: {'nome': 'Dominique Holmes', 'email': 'cday@example.com', 'password': ')5zVS&amp;mx*5', 'administrador': 'false'}, 15: {'nome': 'Brian Thomas', 'email': 'ashleyjohnson@example.org', 'password': 'w+6BbaQ9RL', 'administrador': 'false'}, 16: {'nome': 'Tiffany Kelly', 'email': 'sandra78@example.com', 'password': 'Z0+KKJyT+n', 'administrador': 'false'}, 17: {'nome': 'Melinda Mann', 'email': 'jennifer56@example.com', 'password': '%EM72DDf0Z', 'administrador': 'false'}, 18: {'nome': 'Caleb Taylor', 'email': 'bryantellen@example.org', 'password': '(YBV$2Aw+g', 'administrador': 'false'}, 19: {'nome': 'Tammy Robinson', 'email': 'omartin@example.org', 'password': 'blk2Gasz*8', 'administrador': 'false'}, 20: {'nome': 'Jimmy Diaz', 'email': 'idavis@example.com', 'password': '3wT7L2_m+z', 'administrador': 'true'}, 21: {'nome': 'Charles Baker', 'email': 'andrea88@example.org', 'password': 'D4EJ5Es1*I', 'administrador': 'true'}, 22: {'nome': 'Steven Martinez', 'email': 'robertlloyd@example.net', 'password': '5fYJY(Qu^y', 'administrador': 'true'}, 23: {'nome': 'David Smith', 'email': 'hailey82@example.net', 'password': '6$52OxV$HZ', 'administrador': 'true'}, 24: {'nome': 'Rebecca Haney', 'email': 'aleonard@example.net', 'password': '%D(2EDk@wm', 'administrador': 'false'}, 25: {'nome': 'Susan Clark', 'email': 'gregoryperez@example.net', 'password': '4v3CopIc_u', 'administrador': 'true'}, 26: {'nome': 'Michele Ramirez', 'email': 'garciawilliam@example.net', 'password': ')wc_$K&amp;bF5', 'administrador': 'false'}, 27: {'nome': 'Henry Howard', 'email': 'ann92@example.org', 'password': '+#2AHMqJr3', 'administrador': 'false'}, 28: {'nome': 'Denise Shannon', 'email': 'cking@example.net', 'password': 'leNoV0E%_2', 'administrador': 'true'}, 29: {'nome': 'Megan Herrera', 'email': 'kiarasmith@example.net', 'password': '##K4I6C^z3', 'administrador': 'false'}, 30: {'nome': 'Michael Hernandez', 'email': 'pzamora@example.net', 'password': '$!P@Q7c@@7', 'administrador': 'false'}, 31: {'nome': 'Louis Sullivan', 'email': 'tinabond@example.com', 'password': '7_1rf5j9PI', 'administrador': 'false'}}
{0: {'nome': 'Adrian Perry', 'email': 'brian90@example.com', 'password': 'xzrGxXgp)4', 'administrador': 'true'}, 1: {'nome': 'Deborah Young', 'email': 'kcarroll@example.com', 'password': 'h7(7KuPR@L', 'administrador': 'true'}, 2: {'nome': 'Pamela Evans', 'email': 'xmiller@example.com', 'password': '8$9P9SmHfu', 'administrador': 'false'}, 3: {'nome': 'Stephanie Conley', 'email': 'johnathandavis@example.net', 'password': '41VnRtyn__', 'administrador': 'true'}, 4: {'nome': 'David Reed', 'email': 'ssimon@example.com', 'password': 'eB_H4hGa4U', 'administrador': 'true'}, 5: {'nome': 'Jennifer Davis', 'email': 'candrade@example.org', 'password': '@!@6hNkf9x', 'administrador': 'true'}, 6: {'nome': 'Shawna Martinez', 'email': 'williamschristopher@example.com', 'password': '$4rFqG!g@J', 'administrador': 'false'}, 7: {'nome': 'William Holloway', 'email': 'cheryl75@example.org', 'password': 'lj+3MpqOM_', 'administrador': 'false'}, 8: {'nome': 'Larry Salazar', 'email': 'mjackson@example.net', 'password': 'Xk7wApiDY%', 'administrador': 'true'}, 9: {'nome': 'Jane Robinson', 'email': 'daviskaren@example.com', 'password': 'C5d&amp;5I6u$#', 'administrador': 'true'}, 10: {'nome': 'Jose Moore', 'email': 'owhite@example.org', 'password': '_yNw5kyY7e', 'administrador': 'false'}, 11: {'nome': 'Steven Cooper', 'email': 'uolson@example.com', 'password': 'T#+M7QaYv0', 'administrador': 'true'}, 12: {'nome': 'Kayla Mathis', 'email': 'vevans@example.org', 'password': 'K&amp;L^1RGJ6i', 'administrador': 'true'}, 13: {'nome': 'Matthew Finley', 'email': 'abright@example.net', 'password': '!rL0mQOz@3', 'administrador': 'true'}, 14: {'nome': 'Dominique Holmes', 'email': 'cday@example.com', 'password': ')5zVS&amp;mx*5', 'administrador': 'false'}, 15: {'nome': 'Brian Thomas', 'email': 'ashleyjohnson@example.org', 'password': 'w+6BbaQ9RL', 'administrador': 'false'}, 16: {'nome': 'Tiffany Kelly', 'email': 'sandra78@example.com', 'password': 'Z0+KKJyT+n', 'administrador': 'false'}, 17: {'nome': 'Melinda Mann', 'email': 'jennifer56@example.com', 'password': '%EM72DDf0Z', 'administrador': 'false'}, 18: {'nome': 'Caleb Taylor', 'email': 'bryantellen@example.org', 'password': '(YBV$2Aw+g', 'administrador': 'false'}, 19: {'nome': 'Tammy Robinson', 'email': 'omartin@example.org', 'password': 'blk2Gasz*8', 'administrador': 'false'}, 20: {'nome': 'Jimmy Diaz', 'email': 'idavis@example.com', 'password': '3wT7L2_m+z', 'administrador': 'true'}, 21: {'nome': 'Charles Baker', 'email': 'andrea88@example.org', 'password': 'D4EJ5Es1*I', 'administrador': 'true'}, 22: {'nome': 'Steven Martinez', 'email': 'robertlloyd@example.net', 'password': '5fYJY(Qu^y', 'administrador': 'true'}, 23: {'nome': 'David Smith', 'email': 'hailey82@example.net', 'password': '6$52OxV$HZ', 'administrador': 'true'}, 24: {'nome': 'Rebecca Haney', 'email': 'aleonard@example.net', 'password': '%D(2EDk@wm', 'administrador': 'false'}, 25: {'nome': 'Susan Clark', 'email': 'gregoryperez@example.net', 'password': '4v3CopIc_u', 'administrador': 'true'}, 26: {'nome': 'Michele Ramirez', 'email': 'garciawilliam@example.net', 'password': ')wc_$K&amp;bF5', 'administrador': 'false'}, 27: {'nome': 'Henry Howard', 'email': 'ann92@example.org', 'password': '+#2AHMqJr3', 'administrador': 'false'}, 28: {'nome': 'Denise Shannon', 'email': 'cking@example.net', 'password': 'leNoV0E%_2', 'administrador': 'true'}, 29: {'nome': 'Megan Herrera', 'email': 'kiarasmith@example.net', 'password': '##K4I6C^z3', 'administrador': 'false'}, 30: {'nome': 'Michael Hernandez', 'email': 'pzamora@example.net', 'password': '$!P@Q7c@@7', 'administrador': 'false'}, 31: {'nome': 'Louis Sullivan', 'email': 'tinabond@example.com', 'password': '7_1rf5j9PI', 'administrador': 'false'}, 32: {'nome': 'Julie Pena', 'email': 'mackenziemontgomery@example.com', 'password': '!dX8&amp;4Qr#O', 'administrador': 'true'}}
{0: {'nome': 'Adrian Perry', 'email': 'brian90@example.com', 'password': 'xzrGxXgp)4', 'administrador': 'true'}, 1: {'nome': 'Deborah Young', 'email': 'kcarroll@example.com', 'password': 'h7(7KuPR@L', 'administrador': 'true'}, 2: {'nome': 'Pamela Evans', 'email': 'xmiller@example.com', 'password': '8$9P9SmHfu', 'administrador': 'false'}, 3: {'nome': 'Stephanie Conley', 'email': 'johnathandavis@example.net', 'password': '41VnRtyn__', 'administrador': 'true'}, 4: {'nome': 'David Reed', 'email': 'ssimon@example.com', 'password': 'eB_H4hGa4U', 'administrador': 'true'}, 5: {'nome': 'Jennifer Davis', 'email': 'candrade@example.org', 'password': '@!@6hNkf9x', 'administrador': 'true'}, 6: {'nome': 'Shawna Martinez', 'email': 'williamschristopher@example.com', 'password': '$4rFqG!g@J', 'administrador': 'false'}, 7: {'nome': 'William Holloway', 'email': 'cheryl75@example.org', 'password': 'lj+3MpqOM_', 'administrador': 'false'}, 8: {'nome': 'Larry Salazar', 'email': 'mjackson@example.net', 'password': 'Xk7wApiDY%', 'administrador': 'true'}, 9: {'nome': 'Jane Robinson', 'email': 'daviskaren@example.com', 'password': 'C5d&amp;5I6u$#', 'administrador': 'true'}, 10: {'nome': 'Jose Moore', 'email': 'owhite@example.org', 'password': '_yNw5kyY7e', 'administrador': 'false'}, 11: {'nome': 'Steven Cooper', 'email': 'uolson@example.com', 'password': 'T#+M7QaYv0', 'administrador': 'true'}, 12: {'nome': 'Kayla Mathis', 'email': 'vevans@example.org', 'password': 'K&amp;L^1RGJ6i', 'administrador': 'true'}, 13: {'nome': 'Matthew Finley', 'email': 'abright@example.net', 'password': '!rL0mQOz@3', 'administrador': 'true'}, 14: {'nome': 'Dominique Holmes', 'email': 'cday@example.com', 'password': ')5zVS&amp;mx*5', 'administrador': 'false'}, 15: {'nome': 'Brian Thomas', 'email': 'ashleyjohnson@example.org', 'password': 'w+6BbaQ9RL', 'administrador': 'false'}, 16: {'nome': 'Tiffany Kelly', 'email': 'sandra78@example.com', 'password': 'Z0+KKJyT+n', 'administrador': 'false'}, 17: {'nome': 'Melinda Mann', 'email': 'jennifer56@example.com', 'password': '%EM72DDf0Z', 'administrador': 'false'}, 18: {'nome': 'Caleb Taylor', 'email': 'bryantellen@example.org', 'password': '(YBV$2Aw+g', 'administrador': 'false'}, 19: {'nome': 'Tammy Robinson', 'email': 'omartin@example.org', 'password': 'blk2Gasz*8', 'administrador': 'false'}, 20: {'nome': 'Jimmy Diaz', 'email': 'idavis@example.com', 'password': '3wT7L2_m+z', 'administrador': 'true'}, 21: {'nome': 'Charles Baker', 'email': 'andrea88@example.org', 'password': 'D4EJ5Es1*I', 'administrador': 'true'}, 22: {'nome': 'Steven Martinez', 'email': 'robertlloyd@example.net', 'password': '5fYJY(Qu^y', 'administrador': 'true'}, 23: {'nome': 'David Smith', 'email': 'hailey82@example.net', 'password': '6$52OxV$HZ', 'administrador': 'true'}, 24: {'nome': 'Rebecca Haney', 'email': 'aleonard@example.net', 'password': '%D(2EDk@wm', 'administrador': 'false'}, 25: {'nome': 'Susan Clark', 'email': 'gregoryperez@example.net', 'password': '4v3CopIc_u', 'administrador': 'true'}, 26: {'nome': 'Michele Ramirez', 'email': 'garciawilliam@example.net', 'password': ')wc_$K&amp;bF5', 'administrador': 'false'}, 27: {'nome': 'Henry Howard', 'email': 'ann92@example.org', 'password': '+#2AHMqJr3', 'administrador': 'false'}, 28: {'nome': 'Denise Shannon', 'email': 'cking@example.net', 'password': 'leNoV0E%_2', 'administrador': 'true'}, 29: {'nome': 'Megan Herrera', 'email': 'kiarasmith@example.net', 'password': '##K4I6C^z3', 'administrador': 'false'}, 30: {'nome': 'Michael Hernandez', 'email': 'pzamora@example.net', 'password': '$!P@Q7c@@7', 'administrador': 'false'}, 31: {'nome': 'Louis Sullivan', 'email': 'tinabond@example.com', 'password': '7_1rf5j9PI', 'administrador': 'false'}, 32: {'nome': 'Julie Pena', 'email': 'mackenziemontgomery@example.com', 'password': '!dX8&amp;4Qr#O', 'administrador': 'true'}, 33: {'nome': 'Roger White', 'email': 'christopher52@example.org', 'password': 'J+e_63Chht', 'administrador': 'false'}}
{0: {'nome': 'Adrian Perry', 'email': 'brian90@example.com', 'password': 'xzrGxXgp)4', 'administrador': 'true'}, 1: {'nome': 'Deborah Young', 'email': 'kcarroll@example.com', 'password': 'h7(7KuPR@L', 'administrador': 'true'}, 2: {'nome': 'Pamela Evans', 'email': 'xmiller@example.com', 'password': '8$9P9SmHfu', 'administrador': 'false'}, 3: {'nome': 'Stephanie Conley', 'email': 'johnathandavis@example.net', 'password': '41VnRtyn__', 'administrador': 'true'}, 4: {'nome': 'David Reed', 'email': 'ssimon@example.com', 'password': 'eB_H4hGa4U', 'administrador': 'true'}, 5: {'nome': 'Jennifer Davis', 'email': 'candrade@example.org', 'password': '@!@6hNkf9x', 'administrador': 'true'}, 6: {'nome': 'Shawna Martinez', 'email': 'williamschristopher@example.com', 'password': '$4rFqG!g@J', 'administrador': 'false'}, 7: {'nome': 'William Holloway', 'email': 'cheryl75@example.org', 'password': 'lj+3MpqOM_', 'administrador': 'false'}, 8: {'nome': 'Larry Salazar', 'email': 'mjackson@example.net', 'password': 'Xk7wApiDY%', 'administrador': 'true'}, 9: {'nome': 'Jane Robinson', 'email': 'daviskaren@example.com', 'password': 'C5d&amp;5I6u$#', 'administrador': 'true'}, 10: {'nome': 'Jose Moore', 'email': 'owhite@example.org', 'password': '_yNw5kyY7e', 'administrador': 'false'}, 11: {'nome': 'Steven Cooper', 'email': 'uolson@example.com', 'password': 'T#+M7QaYv0', 'administrador': 'true'}, 12: {'nome': 'Kayla Mathis', 'email': 'vevans@example.org', 'password': 'K&amp;L^1RGJ6i', 'administrador': 'true'}, 13: {'nome': 'Matthew Finley', 'email': 'abright@example.net', 'password': '!rL0mQOz@3', 'administrador': 'true'}, 14: {'nome': 'Dominique Holmes', 'email': 'cday@example.com', 'password': ')5zVS&amp;mx*5', 'administrador': 'false'}, 15: {'nome': 'Brian Thomas', 'email': 'ashleyjohnson@example.org', 'password': 'w+6BbaQ9RL', 'administrador': 'false'}, 16: {'nome': 'Tiffany Kelly', 'email': 'sandra78@example.com', 'password': 'Z0+KKJyT+n', 'administrador': 'false'}, 17: {'nome': 'Melinda Mann', 'email': 'jennifer56@example.com', 'password': '%EM72DDf0Z', 'administrador': 'false'}, 18: {'nome': 'Caleb Taylor', 'email': 'bryantellen@example.org', 'password': '(YBV$2Aw+g', 'administrador': 'false'}, 19: {'nome': 'Tammy Robinson', 'email': 'omartin@example.org', 'password': 'blk2Gasz*8', 'administrador': 'false'}, 20: {'nome': 'Jimmy Diaz', 'email': 'idavis@example.com', 'password': '3wT7L2_m+z', 'administrador': 'true'}, 21: {'nome': 'Charles Baker', 'email': 'andrea88@example.org', 'password': 'D4EJ5Es1*I', 'administrador': 'true'}, 22: {'nome': 'Steven Martinez', 'email': 'robertlloyd@example.net', 'password': '5fYJY(Qu^y', 'administrador': 'true'}, 23: {'nome': 'David Smith', 'email': 'hailey82@example.net', 'password': '6$52OxV$HZ', 'administrador': 'true'}, 24: {'nome': 'Rebecca Haney', 'email': 'aleonard@example.net', 'password': '%D(2EDk@wm', 'administrador': 'false'}, 25: {'nome': 'Susan Clark', 'email': 'gregoryperez@example.net', 'password': '4v3CopIc_u', 'administrador': 'true'}, 26: {'nome': 'Michele Ramirez', 'email': 'garciawilliam@example.net', 'password': ')wc_$K&amp;bF5', 'administrador': 'false'}, 27: {'nome': 'Henry Howard', 'email': 'ann92@example.org', 'password': '+#2AHMqJr3', 'administrador': 'false'}, 28: {'nome': 'Denise Shannon', 'email': 'cking@example.net', 'password': 'leNoV0E%_2', 'administrador': 'true'}, 29: {'nome': 'Megan Herrera', 'email': 'kiarasmith@example.net', 'password': '##K4I6C^z3', 'administrador': 'false'}, 30: {'nome': 'Michael Hernandez', 'email': 'pzamora@example.net', 'password': '$!P@Q7c@@7', 'administrador': 'false'}, 31: {'nome': 'Louis Sullivan', 'email': 'tinabond@example.com', 'password': '7_1rf5j9PI', 'administrador': 'false'}, 32: {'nome': 'Julie Pena', 'email': 'mackenziemontgomery@example.com', 'password': '!dX8&amp;4Qr#O', 'administrador': 'true'}, 33: {'nome': 'Roger White', 'email': 'christopher52@example.org', 'password': 'J+e_63Chht', 'administrador': 'false'}, 34: {'nome': 'Alexandra Swanson', 'email': 'wvaughan@example.net', 'password': 'B#1I11BfO_', 'administrador': 'true'}}
{0: {'nome': 'Adrian Perry', 'email': 'brian90@example.com', 'password': 'xzrGxXgp)4', 'administrador': 'true'}, 1: {'nome': 'Deborah Young', 'email': 'kcarroll@example.com', 'password': 'h7(7KuPR@L', 'administrador': 'true'}, 2: {'nome': 'Pamela Evans', 'email': 'xmiller@example.com', 'password': '8$9P9SmHfu', 'administrador': 'false'}, 3: {'nome': 'Stephanie Conley', 'email': 'johnathandavis@example.net', 'password': '41VnRtyn__', 'administrador': 'true'}, 4: {'nome': 'David Reed', 'email': 'ssimon@example.com', 'password': 'eB_H4hGa4U', 'administrador': 'true'}, 5: {'nome': 'Jennifer Davis', 'email': 'candrade@example.org', 'password': '@!@6hNkf9x', 'administrador': 'true'}, 6: {'nome': 'Shawna Martinez', 'email': 'williamschristopher@example.com', 'password': '$4rFqG!g@J', 'administrador': 'false'}, 7: {'nome': 'William Holloway', 'email': 'cheryl75@example.org', 'password': 'lj+3MpqOM_', 'administrador': 'false'}, 8: {'nome': 'Larry Salazar', 'email': 'mjackson@example.net', 'password': 'Xk7wApiDY%', 'administrador': 'true'}, 9: {'nome': 'Jane Robinson', 'email': 'daviskaren@example.com', 'password': 'C5d&amp;5I6u$#', 'administrador': 'true'}, 10: {'nome': 'Jose Moore', 'email': 'owhite@example.org', 'password': '_yNw5kyY7e', 'administrador': 'false'}, 11: {'nome': 'Steven Cooper', 'email': 'uolson@example.com', 'password': 'T#+M7QaYv0', 'administrador': 'true'}, 12: {'nome': 'Kayla Mathis', 'email': 'vevans@example.org', 'password': 'K&amp;L^1RGJ6i', 'administrador': 'true'}, 13: {'nome': 'Matthew Finley', 'email': 'abright@example.net', 'password': '!rL0mQOz@3', 'administrador': 'true'}, 14: {'nome': 'Dominique Holmes', 'email': 'cday@example.com', 'password': ')5zVS&amp;mx*5', 'administrador': 'false'}, 15: {'nome': 'Brian Thomas', 'email': 'ashleyjohnson@example.org', 'password': 'w+6BbaQ9RL', 'administrador': 'false'}, 16: {'nome': 'Tiffany Kelly', 'email': 'sandra78@example.com', 'password': 'Z0+KKJyT+n', 'administrador': 'false'}, 17: {'nome': 'Melinda Mann', 'email': 'jennifer56@example.com', 'password': '%EM72DDf0Z', 'administrador': 'false'}, 18: {'nome': 'Caleb Taylor', 'email': 'bryantellen@example.org', 'password': '(YBV$2Aw+g', 'administrador': 'false'}, 19: {'nome': 'Tammy Robinson', 'email': 'omartin@example.org', 'password': 'blk2Gasz*8', 'administrador': 'false'}, 20: {'nome': 'Jimmy Diaz', 'email': 'idavis@example.com', 'password': '3wT7L2_m+z', 'administrador': 'true'}, 21: {'nome': 'Charles Baker', 'email': 'andrea88@example.org', 'password': 'D4EJ5Es1*I', 'administrador': 'true'}, 22: {'nome': 'Steven Martinez', 'email': 'robertlloyd@example.net', 'password': '5fYJY(Qu^y', 'administrador': 'true'}, 23: {'nome': 'David Smith', 'email': 'hailey82@example.net', 'password': '6$52OxV$HZ', 'administrador': 'true'}, 24: {'nome': 'Rebecca Haney', 'email': 'aleonard@example.net', 'password': '%D(2EDk@wm', 'administrador': 'false'}, 25: {'nome': 'Susan Clark', 'email': 'gregoryperez@example.net', 'password': '4v3CopIc_u', 'administrador': 'true'}, 26: {'nome': 'Michele Ramirez', 'email': 'garciawilliam@example.net', 'password': ')wc_$K&amp;bF5', 'administrador': 'false'}, 27: {'nome': 'Henry Howard', 'email': 'ann92@example.org', 'password': '+#2AHMqJr3', 'administrador': 'false'}, 28: {'nome': 'Denise Shannon', 'email': 'cking@example.net', 'password': 'leNoV0E%_2', 'administrador': 'true'}, 29: {'nome': 'Megan Herrera', 'email': 'kiarasmith@example.net', 'password': '##K4I6C^z3', 'administrador': 'false'}, 30: {'nome': 'Michael Hernandez', 'email': 'pzamora@example.net', 'password': '$!P@Q7c@@7', 'administrador': 'false'}, 31: {'nome': 'Louis Sullivan', 'email': 'tinabond@example.com', 'password': '7_1rf5j9PI', 'administrador': 'false'}, 32: {'nome': 'Julie Pena', 'email': 'mackenziemontgomery@example.com', 'password': '!dX8&amp;4Qr#O', 'administrador': 'true'}, 33: {'nome': 'Roger White', 'email': 'christopher52@example.org', 'password': 'J+e_63Chht', 'administrador': 'false'}, 34: {'nome': 'Alexandra Swanson', 'email': 'wvaughan@example.net', 'password': 'B#1I11BfO_', 'administrador': 'true'}, 35: {'nome': 'Teresa Martin', 'email': 'wbarnes@example.com', 'password': '!VAacS5bo8', 'administrador': 'true'}}
[...]
il': 'sharon72@example.com', 'password': 'u$27P@RmOq', 'administrador': 'true'}, 70: {'nome': 'Mary Cardenas', 'email': 'erica73@example.org', 'password': 'eY&amp;8Toh3X4', 'administrador': 'true'}, 71: {'nome': 'Leslie Wallace', 'email': 'hendersonpeter@example.com', 'password': '3U8CQRQi)@', 'administrador': 'true'}, 72: {'nome': 'Stephanie Mckay', 'email': 'walkerrachel@example.com', 'password': '#6qNA#$py(', 'administrador': 'true'}, 73: {'nome': 'James Mahoney', 'email': 'tbaker@example.com', 'password': '2x%6uWct&amp;l', 'administrador': 'false'}, 74: {'nome': 'Anthony Dean', 'email': 'millerpatrick@example.org', 'password': '_ML1(GSh95', 'administrador': 'false'}, 75: {'nome': 'Caroline Avila', 'email': 'scott58@example.net', 'password': 'L6KPFAb5!R', 'administrador': 'false'}, 76: {'nome': 'Anne Smith', 'email': 'diazethan@example.net', 'password': 'r41n8Xbir@', 'administrador': 'true'}, 77: {'nome': 'Nicholas Lewis IV', 'email': 'christophermays@example.org', 'password': 'bA31HbwK^I', 'administrador': 'false'}, 78: {'nome': 'Leslie Hutchinson', 'email': 'ovargas@example.org', 'password': 'DI!9vP5zeB', 'administrador': 'true'}, 79: {'nome': 'Joseph Dillon', 'email': 'wjennings@example.com', 'password': 'u4GuT*Wv((', 'administrador': 'false'}, 80: {'nome': 'Joseph Jones', 'email': 'gilesbrenda@example.net', 'password': '0EC2^4OeC!', 'administrador': 'false'}, 81: {'nome': 'Jessica Anderson', 'email': 'okelley@example.org', 'password': 'T6*k7FynNO', 'administrador': 'true'}, 82: {'nome': 'Nicholas Delgado', 'email': 'yoderbrian@example.net', 'password': 'v)95V^bNeM', 'administrador': 'false'}, 83: {'nome': 'Elizabeth Jackson', 'email': 'kimberly50@example.net', 'password': 'bb35Q3lNH*', 'administrador': 'true'}, 84: {'nome': 'Sarah Rice', 'email': 'derek03@example.org', 'password': 'Wj52ZOejt#', 'administrador': 'true'}, 85: {'nome': 'Angela Padilla', 'email': 'dmartin@example.net', 'password': 'p)2rF0Oq)E', 'administrador': 'false'}, 86: {'nome': 'Samuel Alexander', 'email': 'donald42@example.org', 'password': '_WZ8Zf$hT1', 'administrador': 'true'}, 87: {'nome': 'Megan Parrish', 'email': 'contrerasrodney@example.org', 'password': '#%eM0pj+E9', 'administrador': 'true'}, 88: {'nome': 'Charlotte Hicks', 'email': 'jessica75@example.org', 'password': '(x+KBgFnS1', 'administrador': 'true'}, 89: {'nome': 'Wayne Chan', 'email': 'fward@example.com', 'password': 'I41NLwmx_G', 'administrador': 'true'}, 90: {'nome': 'Lisa Myers', 'email': 'jacobortiz@example.com', 'password': '(cx5EOhoi9', 'administrador': 'true'}, 91: {'nome': 'Peter Ortega', 'email': 'camachodamon@example.com', 'password': '2hBzZfHi%Z', 'administrador': 'true'}, 92: {'nome': 'Christina Daniel', 'email': 'clarkjeremy@example.net', 'password': '^2(p0Ph*Rw', 'administrador': 'true'}, 93: {'nome': 'Jesse Mason', 'email': 'nicholas34@example.org', 'password': 'c@CiMU$1+4', 'administrador': 'false'}, 94: {'nome': 'Jeffrey Bush', 'email': 'powellkaren@example.net', 'password': 'Wm)7+G&amp;Vr!', 'administrador': 'true'}, 95: {'nome': 'Sandra Mckay', 'email': 'xjones@example.com', 'password': 't#7ArDdj%z', 'administrador': 'false'}, 96: {'nome': 'Patricia Hodges', 'email': 'hernandezoscar@example.net', 'password': 'R!4DQhdVqu', 'administrador': 'false'}, 97: {'nome': 'Alexander Rodriguez', 'email': 'xspencer@example.org', 'password': 'g^cn&amp;3!pnQ', 'administrador': 'true'}, 98: {'nome': 'Beth Wilson', 'email': 'teresakelley@example.net', 'password': ')0dx8iPax^', 'administrador': 'false'}, 99: {'nome': 'William Ross', 'email': 'emilygonzalez@example.net', 'password': '!nLTE4Zo67', 'administrador': 'true'}}</msg>
<msg timestamp="20230110 16:24:07.159" level="INFO">${new_users} = None</msg>
<status status="PASS" starttime="20230110 16:24:07.094" endtime="20230110 16:24:07.159"/>
</kw>
<kw name="Post Dynamic Users" library="python_library">
<var>${register_user}</var>
<arg>${100}</arg>
<msg timestamp="20230110 16:24:08.065" level="INFO">${register_user} = ['FTzstUBRby1Bu1pQ', '63wcjpD9b2DukEXB', 'zAlsD9eQzwm1iYpf', 'xHD8w8FU7RNeCOCg', '4TMgQkAas9YyFoi8', 'uGBe9YjCj3N7N7N3', '9NzAL0x0JRih1llS', '226RPBF5nHilEDIp', 'r2KHuFgDa3xIbIaw', '4oFStVtsH6PtWVE3',...</msg>
<status status="PASS" starttime="20230110 16:24:07.159" endtime="20230110 16:24:08.065"/>
</kw>
<kw name="Get All Users By Authorization" library="python_library">
<var>${users}</var>
<msg timestamp="20230110 16:24:15.595" level="INFO">${users} = [{'nome': 'Michael Moon', 'email': 'alexis84@example.org', 'password': '+P^SZf$S9v', 'administrador': 'false', '_id': '06sFc2FPeGlL4eXn'}, {'nome': 'Patricia Hodges', 'email': 'hernandezoscar@example....</msg>
<status status="PASS" starttime="20230110 16:24:08.066" endtime="20230110 16:24:15.595"/>
</kw>
<kw name="GET Endpoint /usuarios" library="users_keywords">
<kw name="GET On Session" library="RequestsLibrary">
<var>${response}</var>
<arg>serverest</arg>
<arg>/usuarios</arg>
<doc>Sends a GET request on a previously created HTTP Session.</doc>
<msg timestamp="20230110 16:24:15.604" level="INFO">GET Request : url=http://localhost:3000/usuarios 
 path_url=/usuarios 
 headers={'User-Agent': 'python-requests/2.28.1', 'Accept-Encoding': 'gzip, deflate', 'Accept': '*/*', 'Connection': 'keep-alive'} 
 body=None 
 </msg>
<msg timestamp="20230110 16:24:15.604" level="INFO">GET Response : url=http://localhost:3000/usuarios 
 status=200, reason=OK 
 headers={'Access-Control-Allow-Origin': '*', 'x-dns-prefetch-control': 'off', 'x-frame-options': 'SAMEORIGIN', 'strict-transport-security': 'max-age=15552000; includeSubDomains', 'x-download-options': 'noopen', 'x-content-type-options': 'nosniff', 'x-xss-protection': '1; mode=block', 'x-moesif-transaction-id': '861c956e-d7c6-4deb-bddd-6ba15b610e36', 'Content-Type': 'application/json; charset=utf-8', 'Content-Length': '173664', 'Date': 'Tue, 10 Jan 2023 19:24:15 GMT', 'Connection': 'keep-alive', 'Keep-Alive': 'timeout=5'} 
 body={
    "quantidade": 795,
    "usuarios": [
        {
            "nome": "Michael Moon",
            "email": "alexis84@example.org",
            "password": "+P^SZf$S9v",
            "administrador": "false",
            "_id": "06sFc2FPeGlL4eXn"
        },
        {
            "nome": "Patricia Hodges",
            "email": "hernandezoscar@example.net",
            "password": "R!4DQhdVqu",
            "administrador": "false",
            "_id": "0Dytj3lbt3nWEooo"
        },
        {
            "nome": "Jason Hall",
            "email": "pamela66@example.org",
            "password": "i5rIAQTk#E",
            "administrador": "false",
            "_id": "0Eq5oQatsfyNzTwT"
        },
        {
            "nome": "Paul Becker",
            "email": "michelle49@example.org",
            "password": "6wJOLRym(R",
            "administrador": "true",
            "_id": "0EqIsy01DgFtfcDf"
        },
        {
            "nome": "Maria Rosario",
            "email": "clintonlamb@example.net",
            "password": "I@)32P!qQp",
            "administrador": "true",
            "_id": "0FfDNyNfgu3KUjOs"
        },
        {
            "nome": "John Collins",
            "email": "jbrown@example.net",
            "password": "S&amp;4KxqXYTn",
            "administrador": "false",
            "_id": "0MoGC1w0FPxvi5MH"
        },
        {
            "nome": "Ruth Gay",
            "email": "zparks@example.org",
            "password": "_&amp;1@XnCcUn",
            "administrador": "false",
            "_id": "0Rm5Jow5MjerOVFC"
        },
        {
            "nome": "John Parrish",
            "email": "rachel51@example.net",
            "password": "@#3H%D0k@H",
            "administrador": "true",
            "_id": "0RnHtqJa3WJwk2Hj"
        },
        {
            "nome": "Lauren Chandler",
            "email": "emily40@example.net",
            "password": "+$&amp;2Cp(v+E",
            "administrador": "false",
            "_id": "0U0eT9dvQfleynfS"
        },
        {
            "nome": "Dr. Tyrone Greer MD",
            "email": "morganangela@example.com",
            "password": "D_)5exJf#b",
            "administrador": "false",
            "_id": "0Xj6yjpL3bTmeq4y"
        },
        {
            "nome": "Mary Miller",
            "email": "hweaver@example.net",
            "password": "N1KDRbgC@N",
            "administrador": "true",
            "_id": "0mDWMgauiOatSsYv"
        },
        {
            "nome": "Angela Lewis",
            "email": "jonathan54@example.net",
            "password": "&amp;1MJUp5eYs",
            "administrador": "true",
            "_id": "0rkmC99KVUuNNsJv"
        },
        {
            "nome": "Sarah Spence",
            "email": "tpeterson@example.net",
            "password": "Ga8uUL1fe_",
            "administrador": "true",
            "_id": "0uftozEOaxydhKxs"
        },
        {
            "nome": "Fulano da Silva",
            "email": "fulano@qa.com",
            "password": "teste",
            "administrador": "true",
            "_id": "0uxuPY0cbmQhpEz1"
        },
        {
            "nome": "Jamie Barber",
            "email": "hwalter@example.net",
            "password": "&amp;T1HI+3v7H",
            "administrador": "false",
            "_id": "0uyhsthGDuLfhodW"
        },
        {
            "nome": "Jeffrey Warner",
            "email": "longjames@example.org",
            "password": "%3Fmj2Nr8g",
            "administrador": "true",
            "_id": "157PNIGG3IBwaJCr"
        },
        {
            "nome": "Tiffany Robinson",
            "email": "stacyday@example.org",
            "password": "*4AJj#klUr",
            "administrador": "true",
            "_id": "15d7rmo1vKnCMVyX"
        },
        {
            "nome": "Stephanie Mckay",
            "email": "walkerrachel@example.com",
            "password": "#6qNA#$py(",
            "administrador": "true",
            "_id": "17unFqPi25yOB0BP"
        },
        {
            "nome": "Julie Pena",
            "email": "mackenziemontgomery@example.com",
            "password": "!dX8&amp;4Qr#O",
            "administrador": "true",
            "_id": "19VMjuxGUtBI0ioc"
        },
        {
            "nome": "Sandra White",
            "email": "ldelgado@example.com",
            "password": "jhu8mC9ww+",
            "administrador": "false",
            "_id": "1Gq281dCIkk2cv8s"
        },
        {
            "nome": "Kelli Dixon",
            "email": "xoneill@example.org",
            "password": "+hOjtpq653",
            "administrador": "true",
            "_id": "1LKkFEe3wC8CoVTH"
        },
        {
            "nome": "Nicholas Hunter",
            "email": "katherinewalls@example.com",
            "password": ")TBP+7Jp57",
            "administrador": "false",
            "_id": "1MTehosY5nei7osU"
        },
        {
            "nome": "Tonya Forbes",
            "email": "francobrian@example.net",
            "password": "O)W9dkVa&amp;Z",
            "administrador": "false",
            "_id": "1PJKJtyZfaT0yts7"
        },
        {
            "nome": "Thomas Kemp",
            "email": "cthompson@example.net",
            "password": "HU6Yk(Yt%Q",
            "administrador": "true",
            "_id": "1Y6Py8TMb9c9DLu5"
        },
        {
            "nome": "Christopher Ross",
            "email": "wellstroy@example.net",
            "password": "%7A)1b48yi",
            "administrador": "true",
            "_id": "1arTmYs0or41wTUk"
        },
        {
            "nome": "Rebecca Haney",
            "email": "aleonard@example.net",
            "password": "%D(2EDk@wm",
            "administrador": "false",
            "_id": "1iNEoQPehaJQZSfJ"
        },
        {
            "nome": "Alexander Rodriguez",
            "email": "xspencer@example.org",
            "password": "g^cn&amp;3!pnQ",
            "administrador": "true",
            "_id": "1jtnNKMF9WdBsFQB"
        },
        {
            "nome": "Troy Cruz",
            "email": "gabrielford@example.org",
            "password": "(4OZJzw4^3",
            "administrador": "false",
            "_id": "1mOVI81aMVS4jQps"
        },
        {
            "nome": "Kimberly Love",
            "email": "christopherromero@example.com",
            "password": "$@0Btmy%pf",
            "administrador": "true",
            "_id": "1pjwXeuSBraM59LH"
        },
        {
            "nome": "Cathy Casey",
            "email": "scottruiz@example.org",
            "password": ")O8lfFTnQ8",
            "administrador": "true",
            "_id": "1pmqgw47yhdoMoOE"
        },
        {
            "nome": "Caitlin Torres",
            "email": "taylor81@example.net",
            "password": "hkJ4zThJg+",
            "administrador": "false",
            "_id": "1vO2htEAZ0DUhtml"
        },
        {
            "nome": "Denise Anderson",
            "email": "richard72@example.com",
            "password": "a0OGlHZo^D",
            "administrador": "false",
            "_id": "1wWc9gW52GeGYAiw"
        },
        {
            "nome": "William Holloway",
            "email": "cheryl75@example.org",
            "password": "lj+3MpqOM_",
            "administrador": "false",
            "_id": "226RPBF5nHilEDIp"
        },
        {
            "nome": "Amber Reynolds",
            "email": "smithholly@example.net",
            "password": "g8zHwM9k_U",
            "administrador": "true",
            "_id": "235TRQKzfUQJf88l"
        },
        {
            "nome": "Wesley Bowers",
            "email": "julia73@example.net",
            "password": "#F9#S&amp;j9Ls",
            "administrador": "false",
            "_id": "24uemBCyaK2XtG3m"
        },
        {
            "nome": "Chad Williams",
            "email": "kristendudley@example.org",
            "password": "m1E1M2sba@",
            "administrador": "false",
            "_id": "24zeH68x2XRUmOYc"
        },
        {
            "nome": "David Lee",
            "email": "imanning@example.org",
            "password": "%5b6VX^Ce@",
            "administrador": "false",
            "_id": "29I5ROdPfI7LuI9F"
        },
        {
            "nome": "Christina Thomas",
            "email": "jill07@example.com",
            "password": "A(2r0Bk$Cx",
            "administrador": "false",
            "_id": "2CceE6vlNCkmdfin"
        },
        {
            "nome": "Miranda Lopez",
            "email": "erica08@example.com",
            "password": "$)JhUgggP8",
            "administrador": "true",
            "_id": "2E2lHJPbEFOgO4yA"
        },
        {
            "nome": "Sarah Dorsey",
            "email": "joseph96@example.com",
            "password": "!4Dbv+n9bm",
            "administrador": "true",
            "_id": "2G2oCu7XkwEVP7yl"
        },
        {
            "nome": "Shane Little",
            "email": "lcalderon@example.com",
            "password": "r2(Wg$ez*Z",
            "administrador": "true",
            "_id": "2SMxgpZhrl2FbFzw"
        },
        {
            "nome": "Brenda Hubbard",
            "email": "carrmichael@example.com",
            "password": "o6Q@NYpb^&amp;",
            "administrador": "true",
            "_id": "2YAO6YRTFqOXkHYp"
        },
        {
            "nome": "Sean Ford",
            "email": "urivas@example.org",
            "password": "h6*^yE5m#0",
            "administrador": "false",
            "_id": "2eqUymCjV4qY4jAw"
        },
        {
            "nome": "Luke Beltran",
            "email": "martinscott@example.com",
            "password": "84ghc*Uj@x",
            "administrador": "true",
            "_id": "2fwFdDaFDmrdJes5"
        },
        {
            "nome": "Jeffrey Hill",
            "email": "anthonykenneth@example.org",
            "password": "MI&amp;2DMhzu5",
            "administrador": "false",
            "_id": "2gzY1RVHtQTJdkrF"
        },
        {
            "nome": "Tyler Harris",
            "email": "chernandez@example.org",
            "password": "o4jESQab%G",
            "administrador": "false"... (set the log level to DEBUG or TRACE to see the full content) 
 </msg>
<msg timestamp="20230110 16:24:15.604" level="INFO">${response} = &lt;Response [200]&gt;</msg>
<status status="PASS" starttime="20230110 16:24:15.596" endtime="20230110 16:24:15.604"/>
</kw>
<kw name="Log To Console" library="BuiltIn">
<arg>Response:\n ${response.content}</arg>
<doc>Logs the given message to the console.</doc>
<status status="PASS" starttime="20230110 16:24:15.604" endtime="20230110 16:24:16.115"/>
</kw>
<kw name="Set Global Variable" library="BuiltIn">
<arg>${response}</arg>
<doc>Makes a variable available globally in all tests and suites.</doc>
<msg timestamp="20230110 16:24:16.116" level="INFO">${response} = &lt;Response [200]&gt;</msg>
<status status="PASS" starttime="20230110 16:24:16.115" endtime="20230110 16:24:16.116"/>
</kw>
<status status="PASS" starttime="20230110 16:24:15.596" endtime="20230110 16:24:16.116"/>
</kw>
<kw name="Delete Users" library="python_library">
<var>${delete_user}</var>
<arg>${register_user}</arg>
<msg timestamp="20230110 16:24:16.866" level="INFO">['FTzstUBRby1Bu1pQ', '63wcjpD9b2DukEXB', 'zAlsD9eQzwm1iYpf', 'xHD8w8FU7RNeCOCg', '4TMgQkAas9YyFoi8', 'uGBe9YjCj3N7N7N3', '9NzAL0x0JRih1llS', '226RPBF5nHilEDIp', 'r2KHuFgDa3xIbIaw', '4oFStVtsH6PtWVE3', 'o6uwiYmbGQ4pwRY2', 'tYLwRx7XzjucnoQS', 'JKBns6HhwdEKD7UH', 'ZK2SVzZqakMpq6fQ', 'aTvxxQIrYusKAWsw', 'umHBXbuK6C3SN85h', 'VCBYsfX1qh5SNVxq', 'IvqCZf9Pfb6Vk4RY', '5m1LTPO2wN1rLtNW', 'vXWETDO9i8rba5pW', 'LyK4s6LDXQ45oEcv', 'gyREqimCD2hugUcl', '3BwGtRe65KEAX31p', 'SdTGGNV5pxkqJ6Ry', '1iNEoQPehaJQZSfJ', 'c6vfRjx6cCnSiMoi', 'utXOo2WbkYQxbUod', 'uPfLQiOGDFArZb5F', 'FElkHfVcfXTpSjr1', '3Zo2pnPd1UPTHCwT', 'HvtDX52Znekvajqn', 'gUi7NYrNxeDQRheh', '19VMjuxGUtBI0ioc', 'riWud4H0N2N6YH74', 'wgfJH5yIZLuPACzL', 'dtrkkEf1BWwbjyZY', 'RaFPuiVFcXTMYLU2', '0Rm5Jow5MjerOVFC', 'OYy6BvnoFn81M0PY', 'Up7wReZZ8fHbhgOA', 'n1L8gCh6Vx32L1y8', 'Ti15COhTtaNpaVnb', 'FFD1gR8hB5PGJO0o', 'G4caD0SDrk1oCuDk', 'ZmZx4wc3C73gIsDj', 'QOppi61v431wH4Iu', '34ILMLWQ8RLJgbTz', 'KPWgsJZg6xngWRKx', 'E3SOUC5NfXyM5zjC', 'o6xSjvoCGfIEu6pr', 'WvWDKQ8fnQNI0v8s', 'VKD4RCh6R2R1c3f1', 'OzNQiAIrnS2xwiwA', 'IMd6n0LlDshL3MdW', 'SghUhLhGrr1jwj7g', 'K5J2tqqTQtLdkMVL', 'rIW9Z7NfIjJPcKWJ', 'wRE6zEhWjbdpWKc3', 'jvdFfZZmWIpL9jGS', 'famwA1qnyweBVnFF', 'SDgAFJJWebWT9aTo', 'Yh0I8PT9ZPBWRbRw', 'HE61ijHryoG3Roeu', 'o9v5XmCfVHlraCNL', 'BBVQAZKCQ1XZsu51', 'wkxeadOizbAv2qUk', 'geMMAd5wLQhweUn9', 'wW9TfGE66iZ7W8bL', 'aywCBmmUE410uoDC', 't3LuIlRj5UcXoOsF', '7VcGZboyrocPUhKg', '4hE98J0w1hZbq7nT', '17unFqPi25yOB0BP', 'DmKTJp21g6OtZxBo', 'LPfYoWrDgST0lr66', 'mp5WrFNInjAzBX4A', 'rBx4f3cXCT8VnsXo', '3i5DPlKupE36CW73', 'iypGiUrnibCovGQp', 'WZOg8dhBvt4OjRzq', '8ZVtvaaVBG9m8Uip', 'gevCKcmcFX6dSKD9', 'VCgrNZEMUYfZCTEP', 'gqruTSLiTLSYiQ01', 'J4JgqK9ZF3SUk4XX', 'OGbFHCqPtgsaM4yg', 'KstqFpUDHKVIWVaw', 'SZFUOMxqRYcxx9CY', 'QEKGNIgFd7cHimSq', 'rI3nYy1xKnUMGfJN', 'GU0w0xslDlK2y5ZY', 'Gte5zDlBrAatOp0t', 'Qwcr2PdiPBlcvyo1', 'QRVpPIxtMY87bRE6', 'sQHhMM4ZmY95LxPU', 'uQZsd4YCQkS1Xh2w', '0Dytj3lbt3nWEooo', '1jtnNKMF9WdBsFQB', 'xSXAtry9mjAtwjgj', 'rzEMXDUMMYtkDaj7']</msg>
<msg timestamp="20230110 16:24:16.867" level="INFO">${delete_user} = (['FTzstUBRby1Bu1pQ', '63wcjpD9b2DukEXB', 'zAlsD9eQzwm1iYpf', 'xHD8w8FU7RNeCOCg', '4TMgQkAas9YyFoi8', 'uGBe9YjCj3N7N7N3', '9NzAL0x0JRih1llS', '226RPBF5nHilEDIp', 'r2KHuFgDa3xIbIaw', '4oFStVtsH6PtWVE3'...</msg>
<status status="PASS" starttime="20230110 16:24:16.116" endtime="20230110 16:24:16.867"/>
</kw>
<tag>3</tag>
<status status="PASS" starttime="20230110 16:24:07.093" endtime="20230110 16:24:16.869"/>
</test>
<doc>Creating valid test cases for the endpoint /usuarios</doc>
<status status="PASS" starttime="20230110 16:24:06.392" endtime="20230110 16:24:16.870"/>
</suite>
<statistics>
<total>
<stat pass="1" fail="0" skip="0">All Tests</stat>
</total>
<tag>
<stat pass="1" fail="0" skip="0">3</stat>
</tag>
<suite>
<stat pass="1" fail="0" skip="0" id="s1" name="Valid User Test">Valid User Test</stat>
</suite>
</statistics>
<errors>
</errors>
</robot>
